<?xml version="1.0" encoding="UTF-8"?>
<testsuite xmlns:xsi="http://www.w3.org/2001/XMLSchema-instance" xsi:noNamespaceSchemaLocation="https://maven.apache.org/surefire/maven-surefire-plugin/xsd/surefire-test-report-3.0.xsd" version="3.0" name="TestSuite" time="25.453" tests="5" errors="0" skipped="0" failures="0">
  <properties>
    <property name="sun.desktop" value="windows"/>
    <property name="awt.toolkit" value="sun.awt.windows.WToolkit"/>
    <property name="java.specification.version" value="11"/>
    <property name="webdriver.chrome.driver" value="C:\Users\anuai\.cache\selenium\chromedriver\win32\109.0.5414.74\chromedriver.exe"/>
    <property name="sun.cpu.isalist" value="amd64"/>
    <property name="sun.jnu.encoding" value="Cp1252"/>
    <property name="java.class.path" value="D:\My Project\Training\liveProject\target\test-classes;D:\My Project\Training\liveProject\target\classes;C:\Users\anuai\.m2\repository\junit\junit\3.8.1\junit-3.8.1.jar;C:\Users\anuai\.m2\repository\org\testng\testng\7.7.1\testng-7.7.1.jar;C:\Users\anuai\.m2\repository\org\slf4j\slf4j-api\1.7.36\slf4j-api-1.7.36.jar;C:\Users\anuai\.m2\repository\com\beust\jcommander\1.82\jcommander-1.82.jar;C:\Users\anuai\.m2\repository\org\webjars\jquery\3.6.1\jquery-3.6.1.jar;C:\Users\anuai\.m2\repository\org\seleniumhq\selenium\selenium-java\4.8.0\selenium-java-4.8.0.jar;C:\Users\anuai\.m2\repository\org\seleniumhq\selenium\selenium-api\4.8.0\selenium-api-4.8.0.jar;C:\Users\anuai\.m2\repository\org\seleniumhq\selenium\selenium-chrome-driver\4.8.0\selenium-chrome-driver-4.8.0.jar;C:\Users\anuai\.m2\repository\com\google\auto\service\auto-service-annotations\1.0.1\auto-service-annotations-1.0.1.jar;C:\Users\anuai\.m2\repository\com\google\auto\service\auto-service\1.0.1\auto-service-1.0.1.jar;C:\Users\anuai\.m2\repository\com\google\auto\auto-common\1.2\auto-common-1.2.jar;C:\Users\anuai\.m2\repository\com\google\guava\guava\31.1-jre\guava-31.1-jre.jar;C:\Users\anuai\.m2\repository\com\google\guava\failureaccess\1.0.1\failureaccess-1.0.1.jar;C:\Users\anuai\.m2\repository\com\google\guava\listenablefuture\9999.0-empty-to-avoid-conflict-with-guava\listenablefuture-9999.0-empty-to-avoid-conflict-with-guava.jar;C:\Users\anuai\.m2\repository\com\google\code\findbugs\jsr305\3.0.2\jsr305-3.0.2.jar;C:\Users\anuai\.m2\repository\org\checkerframework\checker-qual\3.12.0\checker-qual-3.12.0.jar;C:\Users\anuai\.m2\repository\com\google\errorprone\error_prone_annotations\2.11.0\error_prone_annotations-2.11.0.jar;C:\Users\anuai\.m2\repository\com\google\j2objc\j2objc-annotations\1.3\j2objc-annotations-1.3.jar;C:\Users\anuai\.m2\repository\org\seleniumhq\selenium\selenium-chromium-driver\4.8.0\selenium-chromium-driver-4.8.0.jar;C:\Users\anuai\.m2\repository\org\seleniumhq\selenium\selenium-json\4.8.0\selenium-json-4.8.0.jar;C:\Users\anuai\.m2\repository\org\seleniumhq\selenium\selenium-devtools-v107\4.8.0\selenium-devtools-v107-4.8.0.jar;C:\Users\anuai\.m2\repository\org\seleniumhq\selenium\selenium-devtools-v108\4.8.0\selenium-devtools-v108-4.8.0.jar;C:\Users\anuai\.m2\repository\org\seleniumhq\selenium\selenium-devtools-v109\4.8.0\selenium-devtools-v109-4.8.0.jar;C:\Users\anuai\.m2\repository\org\seleniumhq\selenium\selenium-devtools-v85\4.8.0\selenium-devtools-v85-4.8.0.jar;C:\Users\anuai\.m2\repository\org\seleniumhq\selenium\selenium-edge-driver\4.8.0\selenium-edge-driver-4.8.0.jar;C:\Users\anuai\.m2\repository\org\seleniumhq\selenium\selenium-firefox-driver\4.8.0\selenium-firefox-driver-4.8.0.jar;C:\Users\anuai\.m2\repository\org\seleniumhq\selenium\selenium-http\4.8.0\selenium-http-4.8.0.jar;C:\Users\anuai\.m2\repository\dev\failsafe\failsafe\3.3.0\failsafe-3.3.0.jar;C:\Users\anuai\.m2\repository\org\seleniumhq\selenium\selenium-ie-driver\4.8.0\selenium-ie-driver-4.8.0.jar;C:\Users\anuai\.m2\repository\org\seleniumhq\selenium\selenium-remote-driver\4.8.0\selenium-remote-driver-4.8.0.jar;C:\Users\anuai\.m2\repository\io\netty\netty-buffer\4.1.87.Final\netty-buffer-4.1.87.Final.jar;C:\Users\anuai\.m2\repository\io\netty\netty-codec-http\4.1.87.Final\netty-codec-http-4.1.87.Final.jar;C:\Users\anuai\.m2\repository\io\netty\netty-codec\4.1.87.Final\netty-codec-4.1.87.Final.jar;C:\Users\anuai\.m2\repository\io\netty\netty-handler\4.1.87.Final\netty-handler-4.1.87.Final.jar;C:\Users\anuai\.m2\repository\io\netty\netty-common\4.1.87.Final\netty-common-4.1.87.Final.jar;C:\Users\anuai\.m2\repository\io\netty\netty-transport-classes-epoll\4.1.87.Final\netty-transport-classes-epoll-4.1.87.Final.jar;C:\Users\anuai\.m2\repository\io\netty\netty-transport-classes-kqueue\4.1.87.Final\netty-transport-classes-kqueue-4.1.87.Final.jar;C:\Users\anuai\.m2\repository\io\netty\netty-transport-native-epoll\4.1.87.Final\netty-transport-native-epoll-4.1.87.Final.jar;C:\Users\anuai\.m2\repository\io\netty\netty-transport-native-kqueue\4.1.87.Final\netty-transport-native-kqueue-4.1.87.Final.jar;C:\Users\anuai\.m2\repository\io\netty\netty-transport-native-unix-common\4.1.87.Final\netty-transport-native-unix-common-4.1.87.Final.jar;C:\Users\anuai\.m2\repository\io\netty\netty-transport\4.1.87.Final\netty-transport-4.1.87.Final.jar;C:\Users\anuai\.m2\repository\io\netty\netty-resolver\4.1.87.Final\netty-resolver-4.1.87.Final.jar;C:\Users\anuai\.m2\repository\io\opentelemetry\opentelemetry-api\1.22.0\opentelemetry-api-1.22.0.jar;C:\Users\anuai\.m2\repository\io\opentelemetry\opentelemetry-context\1.22.0\opentelemetry-context-1.22.0.jar;C:\Users\anuai\.m2\repository\io\opentelemetry\opentelemetry-exporter-logging\1.22.0\opentelemetry-exporter-logging-1.22.0.jar;C:\Users\anuai\.m2\repository\io\opentelemetry\opentelemetry-sdk-metrics\1.22.0\opentelemetry-sdk-metrics-1.22.0.jar;C:\Users\anuai\.m2\repository\io\opentelemetry\opentelemetry-sdk-logs\1.22.0-alpha\opentelemetry-sdk-logs-1.22.0-alpha.jar;C:\Users\anuai\.m2\repository\io\opentelemetry\opentelemetry-api-logs\1.22.0-alpha\opentelemetry-api-logs-1.22.0-alpha.jar;C:\Users\anuai\.m2\repository\io\opentelemetry\opentelemetry-sdk-common\1.22.0\opentelemetry-sdk-common-1.22.0.jar;C:\Users\anuai\.m2\repository\io\opentelemetry\opentelemetry-sdk-extension-autoconfigure-spi\1.22.0\opentelemetry-sdk-extension-autoconfigure-spi-1.22.0.jar;C:\Users\anuai\.m2\repository\io\opentelemetry\opentelemetry-sdk-extension-autoconfigure\1.22.0-alpha\opentelemetry-sdk-extension-autoconfigure-1.22.0-alpha.jar;C:\Users\anuai\.m2\repository\io\opentelemetry\opentelemetry-sdk-trace\1.22.0\opentelemetry-sdk-trace-1.22.0.jar;C:\Users\anuai\.m2\repository\io\opentelemetry\opentelemetry-sdk\1.22.0\opentelemetry-sdk-1.22.0.jar;C:\Users\anuai\.m2\repository\io\opentelemetry\opentelemetry-semconv\1.22.0-alpha\opentelemetry-semconv-1.22.0-alpha.jar;C:\Users\anuai\.m2\repository\io\ous\jtoml\2.0.0\jtoml-2.0.0.jar;C:\Users\anuai\.m2\repository\net\bytebuddy\byte-buddy\1.12.22\byte-buddy-1.12.22.jar;C:\Users\anuai\.m2\repository\org\apache\commons\commons-exec\1.3\commons-exec-1.3.jar;C:\Users\anuai\.m2\repository\org\asynchttpclient\async-http-client\2.12.3\async-http-client-2.12.3.jar;C:\Users\anuai\.m2\repository\org\asynchttpclient\async-http-client-netty-utils\2.12.3\async-http-client-netty-utils-2.12.3.jar;C:\Users\anuai\.m2\repository\io\netty\netty-codec-socks\4.1.60.Final\netty-codec-socks-4.1.60.Final.jar;C:\Users\anuai\.m2\repository\io\netty\netty-handler-proxy\4.1.60.Final\netty-handler-proxy-4.1.60.Final.jar;C:\Users\anuai\.m2\repository\io\netty\netty-transport-native-epoll\4.1.60.Final\netty-transport-native-epoll-4.1.60.Final-linux-x86_64.jar;C:\Users\anuai\.m2\repository\io\netty\netty-transport-native-kqueue\4.1.60.Final\netty-transport-native-kqueue-4.1.60.Final-osx-x86_64.jar;C:\Users\anuai\.m2\repository\com\typesafe\netty\netty-reactive-streams\2.0.4\netty-reactive-streams-2.0.4.jar;C:\Users\anuai\.m2\repository\com\sun\activation\jakarta.activation\1.2.2\jakarta.activation-1.2.2.jar;C:\Users\anuai\.m2\repository\org\seleniumhq\selenium\selenium-manager\4.8.0\selenium-manager-4.8.0.jar;C:\Users\anuai\.m2\repository\org\seleniumhq\selenium\selenium-safari-driver\4.8.0\selenium-safari-driver-4.8.0.jar;C:\Users\anuai\.m2\repository\org\seleniumhq\selenium\selenium-support\4.8.0\selenium-support-4.8.0.jar;C:\Users\anuai\.m2\repository\org\concordion\cubano-webdriver-manager\1.1.3\cubano-webdriver-manager-1.1.3.jar;C:\Users\anuai\.m2\repository\ch\qos\logback\logback-classic\1.2.3\logback-classic-1.2.3.jar;C:\Users\anuai\.m2\repository\ch\qos\logback\logback-core\1.2.3\logback-core-1.2.3.jar;C:\Users\anuai\.m2\repository\org\concordion\cubano-webdriver\1.1.3\cubano-webdriver-1.1.3.jar;C:\Users\anuai\.m2\repository\org\concordion\cubano-config\1.1.3\cubano-config-1.1.3.jar;C:\Users\anuai\.m2\repository\ru\yandex\qatools\htmlelements\htmlelements-java\1.20.0\htmlelements-java-1.20.0.jar;C:\Users\anuai\.m2\repository\org\jsoup\jsoup\1.13.1\jsoup-1.13.1.jar;C:\Users\anuai\.m2\repository\org\concordion\concordion\3.1.3\concordion-3.1.3.jar;C:\Users\anuai\.m2\repository\com\vladsch\flexmark\flexmark\0.62.2\flexmark-0.62.2.jar;C:\Users\anuai\.m2\repository\com\vladsch\flexmark\flexmark-util-ast\0.62.2\flexmark-util-ast-0.62.2.jar;C:\Users\anuai\.m2\repository\org\jetbrains\annotations\15.0\annotations-15.0.jar;C:\Users\anuai\.m2\repository\com\vladsch\flexmark\flexmark-util-builder\0.62.2\flexmark-util-builder-0.62.2.jar;C:\Users\anuai\.m2\repository\com\vladsch\flexmark\flexmark-util-collection\0.62.2\flexmark-util-collection-0.62.2.jar;C:\Users\anuai\.m2\repository\com\vladsch\flexmark\flexmark-util-data\0.62.2\flexmark-util-data-0.62.2.jar;C:\Users\anuai\.m2\repository\com\vladsch\flexmark\flexmark-util-dependency\0.62.2\flexmark-util-dependency-0.62.2.jar;C:\Users\anuai\.m2\repository\com\vladsch\flexmark\flexmark-util-format\0.62.2\flexmark-util-format-0.62.2.jar;C:\Users\anuai\.m2\repository\com\vladsch\flexmark\flexmark-util-html\0.62.2\flexmark-util-html-0.62.2.jar;C:\Users\anuai\.m2\repository\com\vladsch\flexmark\flexmark-util-misc\0.62.2\flexmark-util-misc-0.62.2.jar;C:\Users\anuai\.m2\repository\com\vladsch\flexmark\flexmark-util-sequence\0.62.2\flexmark-util-sequence-0.62.2.jar;C:\Users\anuai\.m2\repository\com\vladsch\flexmark\flexmark-util-visitor\0.62.2\flexmark-util-visitor-0.62.2.jar;C:\Users\anuai\.m2\repository\com\vladsch\flexmark\flexmark-ext-gfm-strikethrough\0.62.2\flexmark-ext-gfm-strikethrough-0.62.2.jar;C:\Users\anuai\.m2\repository\com\vladsch\flexmark\flexmark-util\0.62.2\flexmark-util-0.62.2.jar;C:\Users\anuai\.m2\repository\com\vladsch\flexmark\flexmark-util-options\0.62.2\flexmark-util-options-0.62.2.jar;C:\Users\anuai\.m2\repository\com\vladsch\flexmark\flexmark-ext-tables\0.62.2\flexmark-ext-tables-0.62.2.jar;C:\Users\anuai\.m2\repository\xom\xom\1.3.7\xom-1.3.7.jar;C:\Users\anuai\.m2\repository\ognl\ognl\3.1.29\ognl-3.1.29.jar;C:\Users\anuai\.m2\repository\org\javassist\javassist\3.20.0-GA\javassist-3.20.0-GA.jar;C:\Users\anuai\.m2\repository\com\vladsch\flexmark\flexmark-profile-pegdown\0.62.2\flexmark-profile-pegdown-0.62.2.jar;C:\Users\anuai\.m2\repository\com\vladsch\flexmark\flexmark-ext-abbreviation\0.62.2\flexmark-ext-abbreviation-0.62.2.jar;C:\Users\anuai\.m2\repository\com\vladsch\flexmark\flexmark-ext-anchorlink\0.62.2\flexmark-ext-anchorlink-0.62.2.jar;C:\Users\anuai\.m2\repository\com\vladsch\flexmark\flexmark-ext-aside\0.62.2\flexmark-ext-aside-0.62.2.jar;C:\Users\anuai\.m2\repository\com\vladsch\flexmark\flexmark-jira-converter\0.62.2\flexmark-jira-converter-0.62.2.jar;C:\Users\anuai\.m2\repository\com\vladsch\flexmark\flexmark-ext-autolink\0.62.2\flexmark-ext-autolink-0.62.2.jar;C:\Users\anuai\.m2\repository\org\nibor\autolink\autolink\0.6.0\autolink-0.6.0.jar;C:\Users\anuai\.m2\repository\com\vladsch\flexmark\flexmark-ext-definition\0.62.2\flexmark-ext-definition-0.62.2.jar;C:\Users\anuai\.m2\repository\com\vladsch\flexmark\flexmark-ext-emoji\0.62.2\flexmark-ext-emoji-0.62.2.jar;C:\Users\anuai\.m2\repository\com\vladsch\flexmark\flexmark-ext-escaped-character\0.62.2\flexmark-ext-escaped-character-0.62.2.jar;C:\Users\anuai\.m2\repository\com\vladsch\flexmark\flexmark-ext-footnotes\0.62.2\flexmark-ext-footnotes-0.62.2.jar;C:\Users\anuai\.m2\repository\com\vladsch\flexmark\flexmark-ext-gfm-tasklist\0.62.2\flexmark-ext-gfm-tasklist-0.62.2.jar;C:\Users\anuai\.m2\repository\com\vladsch\flexmark\flexmark-ext-ins\0.62.2\flexmark-ext-ins-0.62.2.jar;C:\Users\anuai\.m2\repository\com\vladsch\flexmark\flexmark-ext-jekyll-front-matter\0.62.2\flexmark-ext-jekyll-front-matter-0.62.2.jar;C:\Users\anuai\.m2\repository\com\vladsch\flexmark\flexmark-ext-yaml-front-matter\0.62.2\flexmark-ext-yaml-front-matter-0.62.2.jar;C:\Users\anuai\.m2\repository\com\vladsch\flexmark\flexmark-ext-superscript\0.62.2\flexmark-ext-superscript-0.62.2.jar;C:\Users\anuai\.m2\repository\com\vladsch\flexmark\flexmark-ext-toc\0.62.2\flexmark-ext-toc-0.62.2.jar;C:\Users\anuai\.m2\repository\com\vladsch\flexmark\flexmark-ext-typographic\0.62.2\flexmark-ext-typographic-0.62.2.jar;C:\Users\anuai\.m2\repository\com\vladsch\flexmark\flexmark-ext-wikilink\0.62.2\flexmark-ext-wikilink-0.62.2.jar;C:\Users\anuai\.m2\repository\org\concordion\concordion-logback-extension\2.1.2\concordion-logback-extension-2.1.2.jar;C:\Users\anuai\.m2\repository\org\concordion\concordion-logging-tooltip-extension\1.1.2\concordion-logging-tooltip-extension-1.1.2.jar;C:\Users\anuai\.m2\repository\commons-lang\commons-lang\2.6\commons-lang-2.6.jar;C:\Users\anuai\.m2\repository\org\slf4j\slf4j-ext\1.7.31\slf4j-ext-1.7.31.jar;C:\Users\anuai\.m2\repository\org\concordion\concordion-storyboard-extension\2.0.2\concordion-storyboard-extension-2.0.2.jar;C:\Users\anuai\.m2\repository\org\concordion\concordion-logback-extension\2.1.2\concordion-logback-extension-2.1.2-reportlogger.jar;C:\Users\anuai\.m2\repository\io\github\bonigarcia\webdrivermanager\4.4.3\webdrivermanager-4.4.3.jar;C:\Users\anuai\.m2\repository\org\apache\commons\commons-lang3\3.12.0\commons-lang3-3.12.0.jar;C:\Users\anuai\.m2\repository\org\apache\httpcomponents\client5\httpclient5\5.0.3\httpclient5-5.0.3.jar;C:\Users\anuai\.m2\repository\org\apache\httpcomponents\core5\httpcore5\5.0.2\httpcore5-5.0.2.jar;C:\Users\anuai\.m2\repository\org\apache\httpcomponents\core5\httpcore5-h2\5.0.2\httpcore5-h2-5.0.2.jar;C:\Users\anuai\.m2\repository\commons-codec\commons-codec\1.13\commons-codec-1.13.jar;C:\Users\anuai\.m2\repository\org\rauschig\jarchivelib\1.1.0\jarchivelib-1.1.0.jar;C:\Users\anuai\.m2\repository\org\apache\commons\commons-compress\1.20\commons-compress-1.20.jar;C:\Users\anuai\.m2\repository\org\apache\logging\log4j\log4j-api\2.19.0\log4j-api-2.19.0.jar;C:\Users\anuai\.m2\repository\commons-io\commons-io\2.11.0\commons-io-2.11.0.jar;C:\Users\anuai\.m2\repository\com\aventstack\extentreports\5.0.9\extentreports-5.0.9.jar;C:\Users\anuai\.m2\repository\io\reactivex\rxjava3\rxjava\3.0.4\rxjava-3.0.4.jar;C:\Users\anuai\.m2\repository\org\reactivestreams\reactive-streams\1.0.3\reactive-streams-1.0.3.jar;C:\Users\anuai\.m2\repository\org\freemarker\freemarker\2.3.30\freemarker-2.3.30.jar;C:\Users\anuai\.m2\repository\org\projectlombok\lombok\1.18.12\lombok-1.18.12.jar;C:\Users\anuai\.m2\repository\com\google\code\gson\gson\2.8.6\gson-2.8.6.jar;C:\Users\anuai\.m2\repository\org\apache\logging\log4j\log4j-core\2.19.0\log4j-core-2.19.0.jar;"/>
    <property name="java.vm.vendor" value="Oracle Corporation"/>
    <property name="sun.arch.data.model" value="64"/>
    <property name="user.variant" value=""/>
    <property name="java.vendor.url" value="https://openjdk.java.net/"/>
    <property name="user.timezone" value="America/New_York"/>
    <property name="java.vm.specification.version" value="11"/>
    <property name="os.name" value="Windows 11"/>
    <property name="sun.java.launcher" value="SUN_STANDARD"/>
    <property name="user.country" value="US"/>
    <property name="sun.boot.library.path" value="C:\Program Files\Java\jdk-11.0.15\bin"/>
    <property name="sun.java.command" value="C:\Users\anuai\AppData\Local\Temp\surefire7593351801287631489\surefirebooter-20230207181058145_3.jar C:\Users\anuai\AppData\Local\Temp\surefire7593351801287631489 2023-02-07T18-10-56_622-jvmRun1 surefire-20230207181058145_1tmp surefire_0-20230207181058145_2tmp"/>
    <property name="jdk.debug" value="release"/>
    <property name="surefire.test.class.path" value="D:\My Project\Training\liveProject\target\test-classes;D:\My Project\Training\liveProject\target\classes;C:\Users\anuai\.m2\repository\junit\junit\3.8.1\junit-3.8.1.jar;C:\Users\anuai\.m2\repository\org\testng\testng\7.7.1\testng-7.7.1.jar;C:\Users\anuai\.m2\repository\org\slf4j\slf4j-api\1.7.36\slf4j-api-1.7.36.jar;C:\Users\anuai\.m2\repository\com\beust\jcommander\1.82\jcommander-1.82.jar;C:\Users\anuai\.m2\repository\org\webjars\jquery\3.6.1\jquery-3.6.1.jar;C:\Users\anuai\.m2\repository\org\seleniumhq\selenium\selenium-java\4.8.0\selenium-java-4.8.0.jar;C:\Users\anuai\.m2\repository\org\seleniumhq\selenium\selenium-api\4.8.0\selenium-api-4.8.0.jar;C:\Users\anuai\.m2\repository\org\seleniumhq\selenium\selenium-chrome-driver\4.8.0\selenium-chrome-driver-4.8.0.jar;C:\Users\anuai\.m2\repository\com\google\auto\service\auto-service-annotations\1.0.1\auto-service-annotations-1.0.1.jar;C:\Users\anuai\.m2\repository\com\google\auto\service\auto-service\1.0.1\auto-service-1.0.1.jar;C:\Users\anuai\.m2\repository\com\google\auto\auto-common\1.2\auto-common-1.2.jar;C:\Users\anuai\.m2\repository\com\google\guava\guava\31.1-jre\guava-31.1-jre.jar;C:\Users\anuai\.m2\repository\com\google\guava\failureaccess\1.0.1\failureaccess-1.0.1.jar;C:\Users\anuai\.m2\repository\com\google\guava\listenablefuture\9999.0-empty-to-avoid-conflict-with-guava\listenablefuture-9999.0-empty-to-avoid-conflict-with-guava.jar;C:\Users\anuai\.m2\repository\com\google\code\findbugs\jsr305\3.0.2\jsr305-3.0.2.jar;C:\Users\anuai\.m2\repository\org\checkerframework\checker-qual\3.12.0\checker-qual-3.12.0.jar;C:\Users\anuai\.m2\repository\com\google\errorprone\error_prone_annotations\2.11.0\error_prone_annotations-2.11.0.jar;C:\Users\anuai\.m2\repository\com\google\j2objc\j2objc-annotations\1.3\j2objc-annotations-1.3.jar;C:\Users\anuai\.m2\repository\org\seleniumhq\selenium\selenium-chromium-driver\4.8.0\selenium-chromium-driver-4.8.0.jar;C:\Users\anuai\.m2\repository\org\seleniumhq\selenium\selenium-json\4.8.0\selenium-json-4.8.0.jar;C:\Users\anuai\.m2\repository\org\seleniumhq\selenium\selenium-devtools-v107\4.8.0\selenium-devtools-v107-4.8.0.jar;C:\Users\anuai\.m2\repository\org\seleniumhq\selenium\selenium-devtools-v108\4.8.0\selenium-devtools-v108-4.8.0.jar;C:\Users\anuai\.m2\repository\org\seleniumhq\selenium\selenium-devtools-v109\4.8.0\selenium-devtools-v109-4.8.0.jar;C:\Users\anuai\.m2\repository\org\seleniumhq\selenium\selenium-devtools-v85\4.8.0\selenium-devtools-v85-4.8.0.jar;C:\Users\anuai\.m2\repository\org\seleniumhq\selenium\selenium-edge-driver\4.8.0\selenium-edge-driver-4.8.0.jar;C:\Users\anuai\.m2\repository\org\seleniumhq\selenium\selenium-firefox-driver\4.8.0\selenium-firefox-driver-4.8.0.jar;C:\Users\anuai\.m2\repository\org\seleniumhq\selenium\selenium-http\4.8.0\selenium-http-4.8.0.jar;C:\Users\anuai\.m2\repository\dev\failsafe\failsafe\3.3.0\failsafe-3.3.0.jar;C:\Users\anuai\.m2\repository\org\seleniumhq\selenium\selenium-ie-driver\4.8.0\selenium-ie-driver-4.8.0.jar;C:\Users\anuai\.m2\repository\org\seleniumhq\selenium\selenium-remote-driver\4.8.0\selenium-remote-driver-4.8.0.jar;C:\Users\anuai\.m2\repository\io\netty\netty-buffer\4.1.87.Final\netty-buffer-4.1.87.Final.jar;C:\Users\anuai\.m2\repository\io\netty\netty-codec-http\4.1.87.Final\netty-codec-http-4.1.87.Final.jar;C:\Users\anuai\.m2\repository\io\netty\netty-codec\4.1.87.Final\netty-codec-4.1.87.Final.jar;C:\Users\anuai\.m2\repository\io\netty\netty-handler\4.1.87.Final\netty-handler-4.1.87.Final.jar;C:\Users\anuai\.m2\repository\io\netty\netty-common\4.1.87.Final\netty-common-4.1.87.Final.jar;C:\Users\anuai\.m2\repository\io\netty\netty-transport-classes-epoll\4.1.87.Final\netty-transport-classes-epoll-4.1.87.Final.jar;C:\Users\anuai\.m2\repository\io\netty\netty-transport-classes-kqueue\4.1.87.Final\netty-transport-classes-kqueue-4.1.87.Final.jar;C:\Users\anuai\.m2\repository\io\netty\netty-transport-native-epoll\4.1.87.Final\netty-transport-native-epoll-4.1.87.Final.jar;C:\Users\anuai\.m2\repository\io\netty\netty-transport-native-kqueue\4.1.87.Final\netty-transport-native-kqueue-4.1.87.Final.jar;C:\Users\anuai\.m2\repository\io\netty\netty-transport-native-unix-common\4.1.87.Final\netty-transport-native-unix-common-4.1.87.Final.jar;C:\Users\anuai\.m2\repository\io\netty\netty-transport\4.1.87.Final\netty-transport-4.1.87.Final.jar;C:\Users\anuai\.m2\repository\io\netty\netty-resolver\4.1.87.Final\netty-resolver-4.1.87.Final.jar;C:\Users\anuai\.m2\repository\io\opentelemetry\opentelemetry-api\1.22.0\opentelemetry-api-1.22.0.jar;C:\Users\anuai\.m2\repository\io\opentelemetry\opentelemetry-context\1.22.0\opentelemetry-context-1.22.0.jar;C:\Users\anuai\.m2\repository\io\opentelemetry\opentelemetry-exporter-logging\1.22.0\opentelemetry-exporter-logging-1.22.0.jar;C:\Users\anuai\.m2\repository\io\opentelemetry\opentelemetry-sdk-metrics\1.22.0\opentelemetry-sdk-metrics-1.22.0.jar;C:\Users\anuai\.m2\repository\io\opentelemetry\opentelemetry-sdk-logs\1.22.0-alpha\opentelemetry-sdk-logs-1.22.0-alpha.jar;C:\Users\anuai\.m2\repository\io\opentelemetry\opentelemetry-api-logs\1.22.0-alpha\opentelemetry-api-logs-1.22.0-alpha.jar;C:\Users\anuai\.m2\repository\io\opentelemetry\opentelemetry-sdk-common\1.22.0\opentelemetry-sdk-common-1.22.0.jar;C:\Users\anuai\.m2\repository\io\opentelemetry\opentelemetry-sdk-extension-autoconfigure-spi\1.22.0\opentelemetry-sdk-extension-autoconfigure-spi-1.22.0.jar;C:\Users\anuai\.m2\repository\io\opentelemetry\opentelemetry-sdk-extension-autoconfigure\1.22.0-alpha\opentelemetry-sdk-extension-autoconfigure-1.22.0-alpha.jar;C:\Users\anuai\.m2\repository\io\opentelemetry\opentelemetry-sdk-trace\1.22.0\opentelemetry-sdk-trace-1.22.0.jar;C:\Users\anuai\.m2\repository\io\opentelemetry\opentelemetry-sdk\1.22.0\opentelemetry-sdk-1.22.0.jar;C:\Users\anuai\.m2\repository\io\opentelemetry\opentelemetry-semconv\1.22.0-alpha\opentelemetry-semconv-1.22.0-alpha.jar;C:\Users\anuai\.m2\repository\io\ous\jtoml\2.0.0\jtoml-2.0.0.jar;C:\Users\anuai\.m2\repository\net\bytebuddy\byte-buddy\1.12.22\byte-buddy-1.12.22.jar;C:\Users\anuai\.m2\repository\org\apache\commons\commons-exec\1.3\commons-exec-1.3.jar;C:\Users\anuai\.m2\repository\org\asynchttpclient\async-http-client\2.12.3\async-http-client-2.12.3.jar;C:\Users\anuai\.m2\repository\org\asynchttpclient\async-http-client-netty-utils\2.12.3\async-http-client-netty-utils-2.12.3.jar;C:\Users\anuai\.m2\repository\io\netty\netty-codec-socks\4.1.60.Final\netty-codec-socks-4.1.60.Final.jar;C:\Users\anuai\.m2\repository\io\netty\netty-handler-proxy\4.1.60.Final\netty-handler-proxy-4.1.60.Final.jar;C:\Users\anuai\.m2\repository\io\netty\netty-transport-native-epoll\4.1.60.Final\netty-transport-native-epoll-4.1.60.Final-linux-x86_64.jar;C:\Users\anuai\.m2\repository\io\netty\netty-transport-native-kqueue\4.1.60.Final\netty-transport-native-kqueue-4.1.60.Final-osx-x86_64.jar;C:\Users\anuai\.m2\repository\com\typesafe\netty\netty-reactive-streams\2.0.4\netty-reactive-streams-2.0.4.jar;C:\Users\anuai\.m2\repository\com\sun\activation\jakarta.activation\1.2.2\jakarta.activation-1.2.2.jar;C:\Users\anuai\.m2\repository\org\seleniumhq\selenium\selenium-manager\4.8.0\selenium-manager-4.8.0.jar;C:\Users\anuai\.m2\repository\org\seleniumhq\selenium\selenium-safari-driver\4.8.0\selenium-safari-driver-4.8.0.jar;C:\Users\anuai\.m2\repository\org\seleniumhq\selenium\selenium-support\4.8.0\selenium-support-4.8.0.jar;C:\Users\anuai\.m2\repository\org\concordion\cubano-webdriver-manager\1.1.3\cubano-webdriver-manager-1.1.3.jar;C:\Users\anuai\.m2\repository\ch\qos\logback\logback-classic\1.2.3\logback-classic-1.2.3.jar;C:\Users\anuai\.m2\repository\ch\qos\logback\logback-core\1.2.3\logback-core-1.2.3.jar;C:\Users\anuai\.m2\repository\org\concordion\cubano-webdriver\1.1.3\cubano-webdriver-1.1.3.jar;C:\Users\anuai\.m2\repository\org\concordion\cubano-config\1.1.3\cubano-config-1.1.3.jar;C:\Users\anuai\.m2\repository\ru\yandex\qatools\htmlelements\htmlelements-java\1.20.0\htmlelements-java-1.20.0.jar;C:\Users\anuai\.m2\repository\org\jsoup\jsoup\1.13.1\jsoup-1.13.1.jar;C:\Users\anuai\.m2\repository\org\concordion\concordion\3.1.3\concordion-3.1.3.jar;C:\Users\anuai\.m2\repository\com\vladsch\flexmark\flexmark\0.62.2\flexmark-0.62.2.jar;C:\Users\anuai\.m2\repository\com\vladsch\flexmark\flexmark-util-ast\0.62.2\flexmark-util-ast-0.62.2.jar;C:\Users\anuai\.m2\repository\org\jetbrains\annotations\15.0\annotations-15.0.jar;C:\Users\anuai\.m2\repository\com\vladsch\flexmark\flexmark-util-builder\0.62.2\flexmark-util-builder-0.62.2.jar;C:\Users\anuai\.m2\repository\com\vladsch\flexmark\flexmark-util-collection\0.62.2\flexmark-util-collection-0.62.2.jar;C:\Users\anuai\.m2\repository\com\vladsch\flexmark\flexmark-util-data\0.62.2\flexmark-util-data-0.62.2.jar;C:\Users\anuai\.m2\repository\com\vladsch\flexmark\flexmark-util-dependency\0.62.2\flexmark-util-dependency-0.62.2.jar;C:\Users\anuai\.m2\repository\com\vladsch\flexmark\flexmark-util-format\0.62.2\flexmark-util-format-0.62.2.jar;C:\Users\anuai\.m2\repository\com\vladsch\flexmark\flexmark-util-html\0.62.2\flexmark-util-html-0.62.2.jar;C:\Users\anuai\.m2\repository\com\vladsch\flexmark\flexmark-util-misc\0.62.2\flexmark-util-misc-0.62.2.jar;C:\Users\anuai\.m2\repository\com\vladsch\flexmark\flexmark-util-sequence\0.62.2\flexmark-util-sequence-0.62.2.jar;C:\Users\anuai\.m2\repository\com\vladsch\flexmark\flexmark-util-visitor\0.62.2\flexmark-util-visitor-0.62.2.jar;C:\Users\anuai\.m2\repository\com\vladsch\flexmark\flexmark-ext-gfm-strikethrough\0.62.2\flexmark-ext-gfm-strikethrough-0.62.2.jar;C:\Users\anuai\.m2\repository\com\vladsch\flexmark\flexmark-util\0.62.2\flexmark-util-0.62.2.jar;C:\Users\anuai\.m2\repository\com\vladsch\flexmark\flexmark-util-options\0.62.2\flexmark-util-options-0.62.2.jar;C:\Users\anuai\.m2\repository\com\vladsch\flexmark\flexmark-ext-tables\0.62.2\flexmark-ext-tables-0.62.2.jar;C:\Users\anuai\.m2\repository\xom\xom\1.3.7\xom-1.3.7.jar;C:\Users\anuai\.m2\repository\ognl\ognl\3.1.29\ognl-3.1.29.jar;C:\Users\anuai\.m2\repository\org\javassist\javassist\3.20.0-GA\javassist-3.20.0-GA.jar;C:\Users\anuai\.m2\repository\com\vladsch\flexmark\flexmark-profile-pegdown\0.62.2\flexmark-profile-pegdown-0.62.2.jar;C:\Users\anuai\.m2\repository\com\vladsch\flexmark\flexmark-ext-abbreviation\0.62.2\flexmark-ext-abbreviation-0.62.2.jar;C:\Users\anuai\.m2\repository\com\vladsch\flexmark\flexmark-ext-anchorlink\0.62.2\flexmark-ext-anchorlink-0.62.2.jar;C:\Users\anuai\.m2\repository\com\vladsch\flexmark\flexmark-ext-aside\0.62.2\flexmark-ext-aside-0.62.2.jar;C:\Users\anuai\.m2\repository\com\vladsch\flexmark\flexmark-jira-converter\0.62.2\flexmark-jira-converter-0.62.2.jar;C:\Users\anuai\.m2\repository\com\vladsch\flexmark\flexmark-ext-autolink\0.62.2\flexmark-ext-autolink-0.62.2.jar;C:\Users\anuai\.m2\repository\org\nibor\autolink\autolink\0.6.0\autolink-0.6.0.jar;C:\Users\anuai\.m2\repository\com\vladsch\flexmark\flexmark-ext-definition\0.62.2\flexmark-ext-definition-0.62.2.jar;C:\Users\anuai\.m2\repository\com\vladsch\flexmark\flexmark-ext-emoji\0.62.2\flexmark-ext-emoji-0.62.2.jar;C:\Users\anuai\.m2\repository\com\vladsch\flexmark\flexmark-ext-escaped-character\0.62.2\flexmark-ext-escaped-character-0.62.2.jar;C:\Users\anuai\.m2\repository\com\vladsch\flexmark\flexmark-ext-footnotes\0.62.2\flexmark-ext-footnotes-0.62.2.jar;C:\Users\anuai\.m2\repository\com\vladsch\flexmark\flexmark-ext-gfm-tasklist\0.62.2\flexmark-ext-gfm-tasklist-0.62.2.jar;C:\Users\anuai\.m2\repository\com\vladsch\flexmark\flexmark-ext-ins\0.62.2\flexmark-ext-ins-0.62.2.jar;C:\Users\anuai\.m2\repository\com\vladsch\flexmark\flexmark-ext-jekyll-front-matter\0.62.2\flexmark-ext-jekyll-front-matter-0.62.2.jar;C:\Users\anuai\.m2\repository\com\vladsch\flexmark\flexmark-ext-yaml-front-matter\0.62.2\flexmark-ext-yaml-front-matter-0.62.2.jar;C:\Users\anuai\.m2\repository\com\vladsch\flexmark\flexmark-ext-superscript\0.62.2\flexmark-ext-superscript-0.62.2.jar;C:\Users\anuai\.m2\repository\com\vladsch\flexmark\flexmark-ext-toc\0.62.2\flexmark-ext-toc-0.62.2.jar;C:\Users\anuai\.m2\repository\com\vladsch\flexmark\flexmark-ext-typographic\0.62.2\flexmark-ext-typographic-0.62.2.jar;C:\Users\anuai\.m2\repository\com\vladsch\flexmark\flexmark-ext-wikilink\0.62.2\flexmark-ext-wikilink-0.62.2.jar;C:\Users\anuai\.m2\repository\org\concordion\concordion-logback-extension\2.1.2\concordion-logback-extension-2.1.2.jar;C:\Users\anuai\.m2\repository\org\concordion\concordion-logging-tooltip-extension\1.1.2\concordion-logging-tooltip-extension-1.1.2.jar;C:\Users\anuai\.m2\repository\commons-lang\commons-lang\2.6\commons-lang-2.6.jar;C:\Users\anuai\.m2\repository\org\slf4j\slf4j-ext\1.7.31\slf4j-ext-1.7.31.jar;C:\Users\anuai\.m2\repository\org\concordion\concordion-storyboard-extension\2.0.2\concordion-storyboard-extension-2.0.2.jar;C:\Users\anuai\.m2\repository\org\concordion\concordion-logback-extension\2.1.2\concordion-logback-extension-2.1.2-reportlogger.jar;C:\Users\anuai\.m2\repository\io\github\bonigarcia\webdrivermanager\4.4.3\webdrivermanager-4.4.3.jar;C:\Users\anuai\.m2\repository\org\apache\commons\commons-lang3\3.12.0\commons-lang3-3.12.0.jar;C:\Users\anuai\.m2\repository\org\apache\httpcomponents\client5\httpclient5\5.0.3\httpclient5-5.0.3.jar;C:\Users\anuai\.m2\repository\org\apache\httpcomponents\core5\httpcore5\5.0.2\httpcore5-5.0.2.jar;C:\Users\anuai\.m2\repository\org\apache\httpcomponents\core5\httpcore5-h2\5.0.2\httpcore5-h2-5.0.2.jar;C:\Users\anuai\.m2\repository\commons-codec\commons-codec\1.13\commons-codec-1.13.jar;C:\Users\anuai\.m2\repository\org\rauschig\jarchivelib\1.1.0\jarchivelib-1.1.0.jar;C:\Users\anuai\.m2\repository\org\apache\commons\commons-compress\1.20\commons-compress-1.20.jar;C:\Users\anuai\.m2\repository\org\apache\logging\log4j\log4j-api\2.19.0\log4j-api-2.19.0.jar;C:\Users\anuai\.m2\repository\commons-io\commons-io\2.11.0\commons-io-2.11.0.jar;C:\Users\anuai\.m2\repository\com\aventstack\extentreports\5.0.9\extentreports-5.0.9.jar;C:\Users\anuai\.m2\repository\io\reactivex\rxjava3\rxjava\3.0.4\rxjava-3.0.4.jar;C:\Users\anuai\.m2\repository\org\reactivestreams\reactive-streams\1.0.3\reactive-streams-1.0.3.jar;C:\Users\anuai\.m2\repository\org\freemarker\freemarker\2.3.30\freemarker-2.3.30.jar;C:\Users\anuai\.m2\repository\org\projectlombok\lombok\1.18.12\lombok-1.18.12.jar;C:\Users\anuai\.m2\repository\com\google\code\gson\gson\2.8.6\gson-2.8.6.jar;C:\Users\anuai\.m2\repository\org\apache\logging\log4j\log4j-core\2.19.0\log4j-core-2.19.0.jar;"/>
    <property name="sun.cpu.endian" value="little"/>
    <property name="user.home" value="C:\Users\anuai"/>
    <property name="user.language" value="en"/>
    <property name="java.specification.vendor" value="Oracle Corporation"/>
    <property name="java.version.date" value="2022-04-19"/>
    <property name="java.home" value="C:\Program Files\Java\jdk-11.0.15"/>
    <property name="file.separator" value="\"/>
    <property name="basedir" value="D:\My Project\Training\liveProject"/>
    <property name="java.vm.compressedOopsMode" value="Zero based"/>
    <property name="line.separator" value="&#10;"/>
    <property name="java.specification.name" value="Java Platform API Specification"/>
    <property name="java.vm.specification.vendor" value="Oracle Corporation"/>
    <property name="java.awt.graphicsenv" value="sun.awt.Win32GraphicsEnvironment"/>
    <property name="surefire.real.class.path" value="C:\Users\anuai\AppData\Local\Temp\surefire7593351801287631489\surefirebooter-20230207181058145_3.jar"/>
    <property name="user.script" value=""/>
    <property name="sun.management.compiler" value="HotSpot 64-Bit Tiered Compilers"/>
    <property name="java.runtime.version" value="11.0.15+8-LTS-149"/>
    <property name="user.name" value="anu"/>
    <property name="path.separator" value=";"/>
    <property name="os.version" value="10.0"/>
    <property name="java.runtime.name" value="Java(TM) SE Runtime Environment"/>
    <property name="file.encoding" value="Cp1252"/>
    <property name="java.vm.name" value="Java HotSpot(TM) 64-Bit Server VM"/>
    <property name="java.vendor.version" value="18.9"/>
    <property name="localRepository" value="C:\Users\anuai\.m2\repository"/>
    <property name="java.vendor.url.bug" value="https://bugreport.java.com/bugreport/"/>
    <property name="java.io.tmpdir" value="C:\Users\anuai\AppData\Local\Temp\"/>
    <property name="java.version" value="11.0.15"/>
    <property name="user.dir" value="D:\My Project\Training\liveProject"/>
    <property name="os.arch" value="amd64"/>
    <property name="java.vm.specification.name" value="Java Virtual Machine Specification"/>
    <property name="java.awt.printerjob" value="sun.awt.windows.WPrinterJob"/>
    <property name="sun.os.patch.level" value=""/>
    <property name="java.library.path" value="C:\Program Files\Java\jdk-11.0.15\bin;C:\WINDOWS\Sun\Java\bin;C:\WINDOWS\system32;C:\WINDOWS;C:\Program Files\Common Files\Oracle\Java\javapath;C:\Python38\Scripts\;C:\Python38\;C:\ProgramData\Oracle\Java\javapath;C:\WINDOWS\system32;C:\WINDOWS;C:\WINDOWS\System32\Wbem;C:\WINDOWS\System32\WindowsPowerShell\v1.0\;C:\WINDOWS\System32\OpenSSH\;C:\Program Files\nodejs\;C:\ProgramData\chocolatey\bin;C:\Users\Jaison\AppData\Local\Android\Sdk\platform-tools;C:\Program Files\nodejs;C:\Program Files\Java\jdk-11.0.15\bin;D:\Maven\apache-maven-3.8.6\bin;C:\Program Files\Git\cmd;C:\Program Files\MySQL\MySQL Shell 8.0\bin\;C:\Users\anuai\AppData\Local\Microsoft\WindowsApps;."/>
    <property name="java.vendor" value="Oracle Corporation"/>
    <property name="java.vm.info" value="mixed mode"/>
    <property name="java.vm.version" value="11.0.15+8-LTS-149"/>
    <property name="sun.io.unicode.encoding" value="UnicodeLittle"/>
    <property name="java.class.version" value="55.0"/>
  </properties>
  <testcase name="testFour" classname="tests.FourTest" time="0.022">
    <system-out><![CDATA[18:10:59.803 [main] DEBUG org.testng.TestNG - suiteXmlPath: "D:\My Project\Training\liveProject\testng.xml"
Inside testFour
]]></system-out>
  </testcase>
  <testcase name="testtwo" classname="tests.TwoTest" time="0.007">
    <system-out><![CDATA[Inside testtwo
]]></system-out>
  </testcase>
  <testcase name="login[anu.aimit.2010@gmail.com, 1234, success](1)" classname="tests.loginTest" time="2.308">
    <system-out><![CDATA[18:11:02.322 [main] DEBUG io.github.bonigarcia.wdm.cache.ResolutionCache - Resolution chrome=109 in cache (valid until 18:33:55 07/02/2023 EST)
18:11:02.328 [main] DEBUG io.github.bonigarcia.wdm.cache.ResolutionCache - Resolution chrome109=109.0.5414.74 in cache (valid until 16:40:43 08/02/2023 EST)
18:11:02.330 [main] INFO io.github.bonigarcia.wdm.WebDriverManager - Using chromedriver 109.0.5414.74 (resolved driver for Chrome 109)
18:11:02.422 [main] DEBUG io.github.bonigarcia.wdm.WebDriverManager - Driver chromedriver 109.0.5414.74 found in cache
18:11:02.425 [main] INFO io.github.bonigarcia.wdm.WebDriverManager - Exporting webdriver.chrome.driver as C:\Users\anuai\.cache\selenium\chromedriver\win32\109.0.5414.74\chromedriver.exe
18:11:02.812 [main] DEBUG io.netty.util.internal.logging.InternalLoggerFactory - Using SLF4J as the default logging framework
18:11:02.822 [main] DEBUG io.netty.util.ResourceLeakDetector - -Dio.netty.leakDetection.level: simple
18:11:02.822 [main] DEBUG io.netty.util.ResourceLeakDetector - -Dio.netty.leakDetection.targetRecords: 4
18:11:02.833 [main] DEBUG io.netty.util.ResourceLeakDetectorFactory - Loaded default ResourceLeakDetector: io.netty.util.ResourceLeakDetector@3301500b
18:11:02.893 [main] DEBUG io.netty.util.internal.PlatformDependent0 - -Dio.netty.noUnsafe: false
18:11:02.895 [main] DEBUG io.netty.util.internal.PlatformDependent0 - Java version: 11
18:11:02.902 [main] DEBUG io.netty.util.internal.PlatformDependent0 - sun.misc.Unsafe.theUnsafe: available
18:11:02.904 [main] DEBUG io.netty.util.internal.PlatformDependent0 - sun.misc.Unsafe.copyMemory: available
18:11:02.905 [main] DEBUG io.netty.util.internal.PlatformDependent0 - sun.misc.Unsafe.storeFence: available
18:11:02.907 [main] DEBUG io.netty.util.internal.PlatformDependent0 - java.nio.Buffer.address: available
18:11:02.909 [main] DEBUG io.netty.util.internal.PlatformDependent0 - direct buffer constructor: unavailable: Reflective setAccessible(true) disabled
18:11:02.914 [main] DEBUG io.netty.util.internal.PlatformDependent0 - java.nio.Bits.unaligned: available, true
18:11:02.918 [main] DEBUG io.netty.util.internal.PlatformDependent0 - jdk.internal.misc.Unsafe.allocateUninitializedArray(int): unavailable: class io.netty.util.internal.PlatformDependent0$7 cannot access class jdk.internal.misc.Unsafe (in module java.base) because module java.base does not export jdk.internal.misc to unnamed module @c0b41d6
18:11:02.922 [main] DEBUG io.netty.util.internal.PlatformDependent0 - java.nio.DirectByteBuffer.<init>(long, int): unavailable
18:11:02.923 [main] DEBUG io.netty.util.internal.PlatformDependent - sun.misc.Unsafe: available
18:11:02.931 [main] DEBUG io.netty.util.internal.PlatformDependent - maxDirectMemory: 2669674496 bytes (maybe)
18:11:02.933 [main] DEBUG io.netty.util.internal.PlatformDependent - -Dio.netty.tmpdir: C:\Users\anuai\AppData\Local\Temp (java.io.tmpdir)
18:11:02.933 [main] DEBUG io.netty.util.internal.PlatformDependent - -Dio.netty.bitMode: 64 (sun.arch.data.model)
18:11:02.934 [main] DEBUG io.netty.util.internal.PlatformDependent - Platform: Windows
18:11:02.936 [main] DEBUG io.netty.util.internal.PlatformDependent - -Dio.netty.maxDirectMemory: -1 bytes
18:11:02.936 [main] DEBUG io.netty.util.internal.PlatformDependent - -Dio.netty.uninitializedArrayAllocationThreshold: -1
18:11:02.939 [main] DEBUG io.netty.util.internal.CleanerJava9 - java.nio.ByteBuffer.cleaner(): available
18:11:02.939 [main] DEBUG io.netty.util.internal.PlatformDependent - -Dio.netty.noPreferDirect: false
18:11:02.965 [main] DEBUG io.netty.util.internal.PlatformDependent - org.jctools-core.MpscChunkedArrayQueue: available
18:11:03.034 [main] DEBUG io.netty.util.internal.InternalThreadLocalMap - -Dio.netty.threadLocalMap.stringBuilder.initialSize: 1024
18:11:03.035 [main] DEBUG io.netty.util.internal.InternalThreadLocalMap - -Dio.netty.threadLocalMap.stringBuilder.maxSize: 4096
18:11:03.133 [main] DEBUG io.netty.handler.ssl.JdkSslContext - Default protocols (JDK): [TLSv1.3, TLSv1.2] 
18:11:03.133 [main] DEBUG io.netty.handler.ssl.JdkSslContext - Default cipher suites (JDK): [TLS_ECDHE_ECDSA_WITH_AES_256_GCM_SHA384, TLS_ECDHE_ECDSA_WITH_AES_128_GCM_SHA256, TLS_ECDHE_RSA_WITH_AES_128_GCM_SHA256, TLS_ECDHE_RSA_WITH_AES_256_GCM_SHA384, TLS_ECDHE_RSA_WITH_AES_128_CBC_SHA, TLS_ECDHE_RSA_WITH_AES_256_CBC_SHA, TLS_RSA_WITH_AES_128_GCM_SHA256, TLS_RSA_WITH_AES_128_CBC_SHA, TLS_RSA_WITH_AES_256_CBC_SHA, TLS_AES_128_GCM_SHA256, TLS_AES_256_GCM_SHA384]
18:11:03.215 [main] DEBUG io.netty.channel.MultithreadEventLoopGroup - -Dio.netty.eventLoopThreads: 8
18:11:03.237 [main] DEBUG io.netty.channel.nio.NioEventLoop - -Dio.netty.noKeySetOptimization: false
18:11:03.237 [main] DEBUG io.netty.channel.nio.NioEventLoop - -Dio.netty.selectorAutoRebuildThreshold: 512
18:11:03.348 [main] DEBUG io.netty.buffer.PooledByteBufAllocator - -Dio.netty.allocator.numHeapArenas: 8
18:11:03.349 [main] DEBUG io.netty.buffer.PooledByteBufAllocator - -Dio.netty.allocator.numDirectArenas: 8
18:11:03.349 [main] DEBUG io.netty.buffer.PooledByteBufAllocator - -Dio.netty.allocator.pageSize: 8192
18:11:03.349 [main] DEBUG io.netty.buffer.PooledByteBufAllocator - -Dio.netty.allocator.maxOrder: 9
18:11:03.349 [main] DEBUG io.netty.buffer.PooledByteBufAllocator - -Dio.netty.allocator.chunkSize: 4194304
18:11:03.349 [main] DEBUG io.netty.buffer.PooledByteBufAllocator - -Dio.netty.allocator.smallCacheSize: 256
18:11:03.349 [main] DEBUG io.netty.buffer.PooledByteBufAllocator - -Dio.netty.allocator.normalCacheSize: 64
18:11:03.350 [main] DEBUG io.netty.buffer.PooledByteBufAllocator - -Dio.netty.allocator.maxCachedBufferCapacity: 32768
18:11:03.350 [main] DEBUG io.netty.buffer.PooledByteBufAllocator - -Dio.netty.allocator.cacheTrimInterval: 8192
18:11:03.350 [main] DEBUG io.netty.buffer.PooledByteBufAllocator - -Dio.netty.allocator.cacheTrimIntervalMillis: 0
18:11:03.350 [main] DEBUG io.netty.buffer.PooledByteBufAllocator - -Dio.netty.allocator.useCacheForAllThreads: false
18:11:03.350 [main] DEBUG io.netty.buffer.PooledByteBufAllocator - -Dio.netty.allocator.maxCachedByteBuffersPerChunk: 1023
18:11:03.382 [main] DEBUG io.netty.buffer.ByteBufUtil - -Dio.netty.allocator.type: pooled
18:11:03.383 [main] DEBUG io.netty.buffer.ByteBufUtil - -Dio.netty.threadLocalDirectBufferSize: 0
18:11:03.384 [main] DEBUG io.netty.buffer.ByteBufUtil - -Dio.netty.maxThreadLocalCharBufferSize: 16384
18:11:04.591 [Forwarding newSession on session null to remote] DEBUG io.netty.channel.DefaultChannelId - -Dio.netty.processId: 18788 (auto-detected)
18:11:04.597 [Forwarding newSession on session null to remote] DEBUG io.netty.util.NetUtil - -Djava.net.preferIPv4Stack: false
18:11:04.597 [Forwarding newSession on session null to remote] DEBUG io.netty.util.NetUtil - -Djava.net.preferIPv6Addresses: false
18:11:05.069 [Forwarding newSession on session null to remote] DEBUG io.netty.util.NetUtilInitializations - Loopback interface: lo (Software Loopback Interface 1, 127.0.0.1)
18:11:05.070 [Forwarding newSession on session null to remote] DEBUG io.netty.util.NetUtil - Failed to get SOMAXCONN from sysctl and file \proc\sys\net\core\somaxconn. Default: 200
18:11:05.104 [Forwarding newSession on session null to remote] DEBUG io.netty.channel.DefaultChannelId - -Dio.netty.machineId: 3c:91:80:ff:fe:93:a9:5d (auto-detected)
18:11:05.234 [AsyncHttpClient-1-2] DEBUG io.netty.buffer.AbstractByteBuf - -Dio.netty.buffer.checkAccessible: true
18:11:05.234 [AsyncHttpClient-1-2] DEBUG io.netty.buffer.AbstractByteBuf - -Dio.netty.buffer.checkBounds: true
18:11:05.234 [AsyncHttpClient-1-2] DEBUG io.netty.util.ResourceLeakDetectorFactory - Loaded default ResourceLeakDetector: io.netty.util.ResourceLeakDetector@18f12460
18:11:05.266 [AsyncHttpClient-1-2] DEBUG org.asynchttpclient.netty.channel.NettyConnectListener - Using new Channel '[id: 0x07450364, L:/127.0.0.1:59608 - R:localhost/127.0.0.1:1861]' for 'POST' to '/session'
18:11:05.306 [AsyncHttpClient-1-2] DEBUG io.netty.util.Recycler - -Dio.netty.recycler.maxCapacityPerThread: 4096
18:11:05.306 [AsyncHttpClient-1-2] DEBUG io.netty.util.Recycler - -Dio.netty.recycler.ratio: 8
18:11:05.306 [AsyncHttpClient-1-2] DEBUG io.netty.util.Recycler - -Dio.netty.recycler.chunkSize: 32
18:11:05.307 [AsyncHttpClient-1-2] DEBUG io.netty.util.Recycler - -Dio.netty.recycler.blocking: false
18:11:06.339 [AsyncHttpClient-1-2] DEBUG io.netty.handler.codec.compression.Brotli - brotli4j not in the classpath; Brotli support will be unavailable.
18:11:06.340 [AsyncHttpClient-1-2] DEBUG org.asynchttpclient.netty.handler.HttpHandler - 

Request DefaultHttpRequest(decodeResult: success, version: HTTP/1.1)
POST /session HTTP/1.1
User-Agent: selenium/4.8.0 (java windows)
Content-Length: 365
Content-Type: application/json; charset=utf-8
host: localhost:1861
accept: */*

Response DefaultHttpResponse(decodeResult: success, version: HTTP/1.1)
HTTP/1.1 200 OK
Content-Length: 791
Content-Type: application/json; charset=utf-8
cache-control: no-cache

18:11:06.358 [AsyncHttpClient-1-2] DEBUG org.asynchttpclient.netty.channel.ChannelManager - Adding key: http://localhost:1861 for channel [id: 0x07450364, L:/127.0.0.1:59608 - R:localhost/127.0.0.1:1861]
18:11:06.418 [AsyncHttpClient-1-1] DEBUG org.asynchttpclient.netty.channel.DefaultChannelPool - Entry count for : http://localhost:1861 : 1
18:11:06.615 [AsyncHttpClient-1-3] DEBUG org.asynchttpclient.netty.channel.NettyConnectListener - Using new Channel '[id: 0xd28cac86, L:/127.0.0.1:59617 - R:localhost/127.0.0.1:59609]' for 'GET' to '/json/version'
18:11:06.622 [AsyncHttpClient-1-3] DEBUG org.asynchttpclient.netty.handler.HttpHandler - 

Request DefaultFullHttpRequest(decodeResult: success, version: HTTP/1.1, content: EmptyByteBufBE)
GET /json/version HTTP/1.1
User-Agent: selenium/4.8.0 (java windows)
host: localhost:59609
accept: */*

Response DefaultHttpResponse(decodeResult: success, version: HTTP/1.1)
HTTP/1.1 200 OK
Content-Length: 424
Content-Type: application/json; charset=UTF-8

18:11:06.623 [AsyncHttpClient-1-3] DEBUG org.asynchttpclient.netty.channel.ChannelManager - Adding key: http://localhost:59609 for channel [id: 0xd28cac86, L:/127.0.0.1:59617 - R:localhost/127.0.0.1:59609]
18:11:06.647 [main] DEBUG io.netty.util.internal.ThreadLocalRandom - -Dio.netty.initialSeedUniquifier: 0xa9bba1e1663d2375
18:11:06.658 [AsyncHttpClient-1-4] DEBUG org.asynchttpclient.netty.channel.NettyConnectListener - Using new Channel '[id: 0x6a3d189a, L:/127.0.0.1:59618 - R:localhost/127.0.0.1:59609]' for 'GET' to '/devtools/browser/d13cb55a-1742-429c-9ca5-9d8cc6330e62'
18:11:06.666 [AsyncHttpClient-1-4] DEBUG org.asynchttpclient.netty.handler.WebSocketHandler - 

Request DefaultFullHttpRequest(decodeResult: success, version: HTTP/1.1, content: EmptyByteBufBE)
GET /devtools/browser/d13cb55a-1742-429c-9ca5-9d8cc6330e62 HTTP/1.1
upgrade: websocket
connection: upgrade
sec-websocket-key: lH0OAFMgEdqPyIUilVaSeg==
sec-websocket-version: 13
origin: http://localhost:59609
host: localhost:59609
accept: */*
user-agent: AHC/2.1

Response DefaultHttpResponse(decodeResult: success, version: HTTP/1.1)
HTTP/1.1 101 WebSocket Protocol Handshake
Upgrade: WebSocket
Connection: Upgrade
Sec-WebSocket-Accept: l2DNKsmyrkwIpYDfMaNX5/6v6zE=

18:11:06.769 [Forwarding maximizeCurrentWindow on session e0d39b79e0a985736105b874499f143e to remote] DEBUG org.asynchttpclient.netty.request.NettyRequestSender - Using pooled Channel '[id: 0x07450364, L:/127.0.0.1:59608 - R:localhost/127.0.0.1:1861]' for 'POST' to 'http://localhost:1861/session/e0d39b79e0a985736105b874499f143e/window/maximize'
18:11:06.770 [Forwarding maximizeCurrentWindow on session e0d39b79e0a985736105b874499f143e to remote] DEBUG org.asynchttpclient.netty.request.NettyRequestSender - Using open Channel [id: 0x07450364, L:/127.0.0.1:59608 - R:localhost/127.0.0.1:1861] for POST '/session/e0d39b79e0a985736105b874499f143e/window/maximize'
18:11:06.905 [AsyncHttpClient-1-2] DEBUG org.asynchttpclient.netty.handler.HttpHandler - 

Request DefaultHttpRequest(decodeResult: success, version: HTTP/1.1)
POST /session/e0d39b79e0a985736105b874499f143e/window/maximize HTTP/1.1
User-Agent: selenium/4.8.0 (java windows)
Content-Length: 3
Content-Type: application/json; charset=utf-8
host: localhost:1861
accept: */*

Response DefaultHttpResponse(decodeResult: success, version: HTTP/1.1)
HTTP/1.1 200 OK
Content-Length: 51
Content-Type: application/json; charset=utf-8
cache-control: no-cache

18:11:06.905 [AsyncHttpClient-1-2] DEBUG org.asynchttpclient.netty.channel.ChannelManager - Adding key: http://localhost:1861 for channel [id: 0x07450364, L:/127.0.0.1:59608 - R:localhost/127.0.0.1:1861]
18:11:06.923 [Forwarding setTimeout on session e0d39b79e0a985736105b874499f143e to remote] DEBUG org.asynchttpclient.netty.request.NettyRequestSender - Using pooled Channel '[id: 0x07450364, L:/127.0.0.1:59608 - R:localhost/127.0.0.1:1861]' for 'POST' to 'http://localhost:1861/session/e0d39b79e0a985736105b874499f143e/timeouts'
18:11:06.923 [Forwarding setTimeout on session e0d39b79e0a985736105b874499f143e to remote] DEBUG org.asynchttpclient.netty.request.NettyRequestSender - Using open Channel [id: 0x07450364, L:/127.0.0.1:59608 - R:localhost/127.0.0.1:1861] for POST '/session/e0d39b79e0a985736105b874499f143e/timeouts'
18:11:06.933 [AsyncHttpClient-1-2] DEBUG org.asynchttpclient.netty.handler.HttpHandler - 

Request DefaultHttpRequest(decodeResult: success, version: HTTP/1.1)
POST /session/e0d39b79e0a985736105b874499f143e/timeouts HTTP/1.1
User-Agent: selenium/4.8.0 (java windows)
Content-Length: 23
Content-Type: application/json; charset=utf-8
host: localhost:1861
accept: */*

Response DefaultHttpResponse(decodeResult: success, version: HTTP/1.1)
HTTP/1.1 200 OK
Content-Length: 14
Content-Type: application/json; charset=utf-8
cache-control: no-cache

18:11:06.934 [AsyncHttpClient-1-2] DEBUG org.asynchttpclient.netty.channel.ChannelManager - Adding key: http://localhost:1861 for channel [id: 0x07450364, L:/127.0.0.1:59608 - R:localhost/127.0.0.1:1861]
18:11:06.938 [Forwarding get on session e0d39b79e0a985736105b874499f143e to remote] DEBUG org.asynchttpclient.netty.request.NettyRequestSender - Using pooled Channel '[id: 0x07450364, L:/127.0.0.1:59608 - R:localhost/127.0.0.1:1861]' for 'POST' to 'http://localhost:1861/session/e0d39b79e0a985736105b874499f143e/url'
18:11:06.939 [Forwarding get on session e0d39b79e0a985736105b874499f143e to remote] DEBUG org.asynchttpclient.netty.request.NettyRequestSender - Using open Channel [id: 0x07450364, L:/127.0.0.1:59608 - R:localhost/127.0.0.1:1861] for POST '/session/e0d39b79e0a985736105b874499f143e/url'
18:11:07.481 [AsyncHttpClient-1-1] DEBUG org.asynchttpclient.netty.channel.DefaultChannelPool - Entry count for : http://localhost:59609 : 1
18:11:08.581 [AsyncHttpClient-1-1] DEBUG org.asynchttpclient.netty.channel.DefaultChannelPool - Entry count for : http://localhost:59609 : 1
18:11:09.684 [AsyncHttpClient-1-1] DEBUG org.asynchttpclient.netty.channel.DefaultChannelPool - Entry count for : http://localhost:59609 : 1
18:11:10.042 [AsyncHttpClient-1-2] DEBUG org.asynchttpclient.netty.handler.HttpHandler - 

Request DefaultHttpRequest(decodeResult: success, version: HTTP/1.1)
POST /session/e0d39b79e0a985736105b874499f143e/url HTTP/1.1
User-Agent: selenium/4.8.0 (java windows)
Content-Length: 66
Content-Type: application/json; charset=utf-8
host: localhost:1861
accept: */*

Response DefaultHttpResponse(decodeResult: success, version: HTTP/1.1)
HTTP/1.1 200 OK
Content-Length: 14
Content-Type: application/json; charset=utf-8
cache-control: no-cache

18:11:10.042 [AsyncHttpClient-1-2] DEBUG org.asynchttpclient.netty.channel.ChannelManager - Adding key: http://localhost:1861 for channel [id: 0x07450364, L:/127.0.0.1:59608 - R:localhost/127.0.0.1:1861]
18:11:10.095 [Forwarding findElement on session e0d39b79e0a985736105b874499f143e to remote] DEBUG org.asynchttpclient.netty.request.NettyRequestSender - Using pooled Channel '[id: 0x07450364, L:/127.0.0.1:59608 - R:localhost/127.0.0.1:1861]' for 'POST' to 'http://localhost:1861/session/e0d39b79e0a985736105b874499f143e/element'
18:11:10.097 [Forwarding findElement on session e0d39b79e0a985736105b874499f143e to remote] DEBUG org.asynchttpclient.netty.request.NettyRequestSender - Using open Channel [id: 0x07450364, L:/127.0.0.1:59608 - R:localhost/127.0.0.1:1861] for POST '/session/e0d39b79e0a985736105b874499f143e/element'
18:11:10.120 [AsyncHttpClient-1-2] DEBUG org.asynchttpclient.netty.handler.HttpHandler - 

Request DefaultHttpRequest(decodeResult: success, version: HTTP/1.1)
POST /session/e0d39b79e0a985736105b874499f143e/element HTTP/1.1
User-Agent: selenium/4.8.0 (java windows)
Content-Length: 71
Content-Type: application/json; charset=utf-8
host: localhost:1861
accept: */*

Response DefaultHttpResponse(decodeResult: success, version: HTTP/1.1)
HTTP/1.1 200 OK
Content-Length: 88
Content-Type: application/json; charset=utf-8
cache-control: no-cache

18:11:10.120 [AsyncHttpClient-1-2] DEBUG org.asynchttpclient.netty.channel.ChannelManager - Adding key: http://localhost:1861 for channel [id: 0x07450364, L:/127.0.0.1:59608 - R:localhost/127.0.0.1:1861]
18:11:10.128 [Forwarding clickElement on session e0d39b79e0a985736105b874499f143e to remote] DEBUG org.asynchttpclient.netty.request.NettyRequestSender - Using pooled Channel '[id: 0x07450364, L:/127.0.0.1:59608 - R:localhost/127.0.0.1:1861]' for 'POST' to 'http://localhost:1861/session/e0d39b79e0a985736105b874499f143e/element/c20e8093-c913-4ee7-a9a2-080283a43589/click'
18:11:10.128 [Forwarding clickElement on session e0d39b79e0a985736105b874499f143e to remote] DEBUG org.asynchttpclient.netty.request.NettyRequestSender - Using open Channel [id: 0x07450364, L:/127.0.0.1:59608 - R:localhost/127.0.0.1:1861] for POST '/session/e0d39b79e0a985736105b874499f143e/element/c20e8093-c913-4ee7-a9a2-080283a43589/click'
18:11:10.202 [AsyncHttpClient-1-2] DEBUG org.asynchttpclient.netty.handler.HttpHandler - 

Request DefaultHttpRequest(decodeResult: success, version: HTTP/1.1)
POST /session/e0d39b79e0a985736105b874499f143e/element/c20e8093-c913-4ee7-a9a2-080283a43589/click HTTP/1.1
User-Agent: selenium/4.8.0 (java windows)
Content-Length: 50
Content-Type: application/json; charset=utf-8
host: localhost:1861
accept: */*

Response DefaultHttpResponse(decodeResult: success, version: HTTP/1.1)
HTTP/1.1 200 OK
Content-Length: 14
Content-Type: application/json; charset=utf-8
cache-control: no-cache

18:11:10.203 [AsyncHttpClient-1-2] DEBUG org.asynchttpclient.netty.channel.ChannelManager - Adding key: http://localhost:1861 for channel [id: 0x07450364, L:/127.0.0.1:59608 - R:localhost/127.0.0.1:1861]
18:11:10.212 [Forwarding findElement on session e0d39b79e0a985736105b874499f143e to remote] DEBUG org.asynchttpclient.netty.request.NettyRequestSender - Using pooled Channel '[id: 0x07450364, L:/127.0.0.1:59608 - R:localhost/127.0.0.1:1861]' for 'POST' to 'http://localhost:1861/session/e0d39b79e0a985736105b874499f143e/element'
18:11:10.212 [Forwarding findElement on session e0d39b79e0a985736105b874499f143e to remote] DEBUG org.asynchttpclient.netty.request.NettyRequestSender - Using open Channel [id: 0x07450364, L:/127.0.0.1:59608 - R:localhost/127.0.0.1:1861] for POST '/session/e0d39b79e0a985736105b874499f143e/element'
18:11:10.252 [AsyncHttpClient-1-2] DEBUG org.asynchttpclient.netty.handler.HttpHandler - 

Request DefaultHttpRequest(decodeResult: success, version: HTTP/1.1)
POST /session/e0d39b79e0a985736105b874499f143e/element HTTP/1.1
User-Agent: selenium/4.8.0 (java windows)
Content-Length: 46
Content-Type: application/json; charset=utf-8
host: localhost:1861
accept: */*

Response DefaultHttpResponse(decodeResult: success, version: HTTP/1.1)
HTTP/1.1 200 OK
Content-Length: 88
Content-Type: application/json; charset=utf-8
cache-control: no-cache

18:11:10.253 [AsyncHttpClient-1-2] DEBUG org.asynchttpclient.netty.channel.ChannelManager - Adding key: http://localhost:1861 for channel [id: 0x07450364, L:/127.0.0.1:59608 - R:localhost/127.0.0.1:1861]
18:11:10.257 [Forwarding clickElement on session e0d39b79e0a985736105b874499f143e to remote] DEBUG org.asynchttpclient.netty.request.NettyRequestSender - Using pooled Channel '[id: 0x07450364, L:/127.0.0.1:59608 - R:localhost/127.0.0.1:1861]' for 'POST' to 'http://localhost:1861/session/e0d39b79e0a985736105b874499f143e/element/08e88022-ed89-4644-8f49-88a695d4194e/click'
18:11:10.257 [Forwarding clickElement on session e0d39b79e0a985736105b874499f143e to remote] DEBUG org.asynchttpclient.netty.request.NettyRequestSender - Using open Channel [id: 0x07450364, L:/127.0.0.1:59608 - R:localhost/127.0.0.1:1861] for POST '/session/e0d39b79e0a985736105b874499f143e/element/08e88022-ed89-4644-8f49-88a695d4194e/click'
18:11:10.782 [AsyncHttpClient-1-1] DEBUG org.asynchttpclient.netty.channel.DefaultChannelPool - Entry count for : http://localhost:59609 : 1
18:11:10.806 [AsyncHttpClient-1-2] DEBUG org.asynchttpclient.netty.handler.HttpHandler - 

Request DefaultHttpRequest(decodeResult: success, version: HTTP/1.1)
POST /session/e0d39b79e0a985736105b874499f143e/element/08e88022-ed89-4644-8f49-88a695d4194e/click HTTP/1.1
User-Agent: selenium/4.8.0 (java windows)
Content-Length: 50
Content-Type: application/json; charset=utf-8
host: localhost:1861
accept: */*

Response DefaultHttpResponse(decodeResult: success, version: HTTP/1.1)
HTTP/1.1 200 OK
Content-Length: 14
Content-Type: application/json; charset=utf-8
cache-control: no-cache

18:11:10.807 [AsyncHttpClient-1-2] DEBUG org.asynchttpclient.netty.channel.ChannelManager - Adding key: http://localhost:1861 for channel [id: 0x07450364, L:/127.0.0.1:59608 - R:localhost/127.0.0.1:1861]
18:11:10.817 [Forwarding findElement on session e0d39b79e0a985736105b874499f143e to remote] DEBUG org.asynchttpclient.netty.request.NettyRequestSender - Using pooled Channel '[id: 0x07450364, L:/127.0.0.1:59608 - R:localhost/127.0.0.1:1861]' for 'POST' to 'http://localhost:1861/session/e0d39b79e0a985736105b874499f143e/element'
18:11:10.817 [Forwarding findElement on session e0d39b79e0a985736105b874499f143e to remote] DEBUG org.asynchttpclient.netty.request.NettyRequestSender - Using open Channel [id: 0x07450364, L:/127.0.0.1:59608 - R:localhost/127.0.0.1:1861] for POST '/session/e0d39b79e0a985736105b874499f143e/element'
18:11:10.838 [AsyncHttpClient-1-2] DEBUG org.asynchttpclient.netty.handler.HttpHandler - 

Request DefaultHttpRequest(decodeResult: success, version: HTTP/1.1)
POST /session/e0d39b79e0a985736105b874499f143e/element HTTP/1.1
User-Agent: selenium/4.8.0 (java windows)
Content-Length: 58
Content-Type: application/json; charset=utf-8
host: localhost:1861
accept: */*

Response DefaultHttpResponse(decodeResult: success, version: HTTP/1.1)
HTTP/1.1 200 OK
Content-Length: 88
Content-Type: application/json; charset=utf-8
cache-control: no-cache

18:11:10.839 [AsyncHttpClient-1-2] DEBUG org.asynchttpclient.netty.channel.ChannelManager - Adding key: http://localhost:1861 for channel [id: 0x07450364, L:/127.0.0.1:59608 - R:localhost/127.0.0.1:1861]
18:11:10.849 [Forwarding sendKeysToElement on session e0d39b79e0a985736105b874499f143e to remote] DEBUG org.asynchttpclient.netty.request.NettyRequestSender - Using pooled Channel '[id: 0x07450364, L:/127.0.0.1:59608 - R:localhost/127.0.0.1:1861]' for 'POST' to 'http://localhost:1861/session/e0d39b79e0a985736105b874499f143e/element/82d874a0-3c1c-4cb7-aca7-027c7a83b337/value'
18:11:10.850 [Forwarding sendKeysToElement on session e0d39b79e0a985736105b874499f143e to remote] DEBUG org.asynchttpclient.netty.request.NettyRequestSender - Using open Channel [id: 0x07450364, L:/127.0.0.1:59608 - R:localhost/127.0.0.1:1861] for POST '/session/e0d39b79e0a985736105b874499f143e/element/82d874a0-3c1c-4cb7-aca7-027c7a83b337/value'
18:11:11.072 [AsyncHttpClient-1-2] DEBUG org.asynchttpclient.netty.handler.HttpHandler - 

Request DefaultHttpRequest(decodeResult: success, version: HTTP/1.1)
POST /session/e0d39b79e0a985736105b874499f143e/element/82d874a0-3c1c-4cb7-aca7-027c7a83b337/value HTTP/1.1
User-Agent: selenium/4.8.0 (java windows)
Content-Length: 321
Content-Type: application/json; charset=utf-8
host: localhost:1861
accept: */*

Response DefaultHttpResponse(decodeResult: success, version: HTTP/1.1)
HTTP/1.1 200 OK
Content-Length: 14
Content-Type: application/json; charset=utf-8
cache-control: no-cache

18:11:11.073 [AsyncHttpClient-1-2] DEBUG org.asynchttpclient.netty.channel.ChannelManager - Adding key: http://localhost:1861 for channel [id: 0x07450364, L:/127.0.0.1:59608 - R:localhost/127.0.0.1:1861]
18:11:11.078 [Forwarding findElement on session e0d39b79e0a985736105b874499f143e to remote] DEBUG org.asynchttpclient.netty.request.NettyRequestSender - Using pooled Channel '[id: 0x07450364, L:/127.0.0.1:59608 - R:localhost/127.0.0.1:1861]' for 'POST' to 'http://localhost:1861/session/e0d39b79e0a985736105b874499f143e/element'
18:11:11.079 [Forwarding findElement on session e0d39b79e0a985736105b874499f143e to remote] DEBUG org.asynchttpclient.netty.request.NettyRequestSender - Using open Channel [id: 0x07450364, L:/127.0.0.1:59608 - R:localhost/127.0.0.1:1861] for POST '/session/e0d39b79e0a985736105b874499f143e/element'
18:11:11.104 [AsyncHttpClient-1-2] DEBUG org.asynchttpclient.netty.handler.HttpHandler - 

Request DefaultHttpRequest(decodeResult: success, version: HTTP/1.1)
POST /session/e0d39b79e0a985736105b874499f143e/element HTTP/1.1
User-Agent: selenium/4.8.0 (java windows)
Content-Length: 61
Content-Type: application/json; charset=utf-8
host: localhost:1861
accept: */*

Response DefaultHttpResponse(decodeResult: success, version: HTTP/1.1)
HTTP/1.1 200 OK
Content-Length: 88
Content-Type: application/json; charset=utf-8
cache-control: no-cache

18:11:11.105 [AsyncHttpClient-1-2] DEBUG org.asynchttpclient.netty.channel.ChannelManager - Adding key: http://localhost:1861 for channel [id: 0x07450364, L:/127.0.0.1:59608 - R:localhost/127.0.0.1:1861]
18:11:11.109 [Forwarding sendKeysToElement on session e0d39b79e0a985736105b874499f143e to remote] DEBUG org.asynchttpclient.netty.request.NettyRequestSender - Using pooled Channel '[id: 0x07450364, L:/127.0.0.1:59608 - R:localhost/127.0.0.1:1861]' for 'POST' to 'http://localhost:1861/session/e0d39b79e0a985736105b874499f143e/element/5ce4d2d0-c94a-46c4-b823-7465bb04231f/value'
18:11:11.109 [Forwarding sendKeysToElement on session e0d39b79e0a985736105b874499f143e to remote] DEBUG org.asynchttpclient.netty.request.NettyRequestSender - Using open Channel [id: 0x07450364, L:/127.0.0.1:59608 - R:localhost/127.0.0.1:1861] for POST '/session/e0d39b79e0a985736105b874499f143e/element/5ce4d2d0-c94a-46c4-b823-7465bb04231f/value'
18:11:11.225 [AsyncHttpClient-1-2] DEBUG org.asynchttpclient.netty.handler.HttpHandler - 

Request DefaultHttpRequest(decodeResult: success, version: HTTP/1.1)
POST /session/e0d39b79e0a985736105b874499f143e/element/5ce4d2d0-c94a-46c4-b823-7465bb04231f/value HTTP/1.1
User-Agent: selenium/4.8.0 (java windows)
Content-Length: 121
Content-Type: application/json; charset=utf-8
host: localhost:1861
accept: */*

Response DefaultHttpResponse(decodeResult: success, version: HTTP/1.1)
HTTP/1.1 200 OK
Content-Length: 14
Content-Type: application/json; charset=utf-8
cache-control: no-cache

18:11:11.226 [AsyncHttpClient-1-2] DEBUG org.asynchttpclient.netty.channel.ChannelManager - Adding key: http://localhost:1861 for channel [id: 0x07450364, L:/127.0.0.1:59608 - R:localhost/127.0.0.1:1861]
18:11:11.229 [Forwarding findElement on session e0d39b79e0a985736105b874499f143e to remote] DEBUG org.asynchttpclient.netty.request.NettyRequestSender - Using pooled Channel '[id: 0x07450364, L:/127.0.0.1:59608 - R:localhost/127.0.0.1:1861]' for 'POST' to 'http://localhost:1861/session/e0d39b79e0a985736105b874499f143e/element'
18:11:11.229 [Forwarding findElement on session e0d39b79e0a985736105b874499f143e to remote] DEBUG org.asynchttpclient.netty.request.NettyRequestSender - Using open Channel [id: 0x07450364, L:/127.0.0.1:59608 - R:localhost/127.0.0.1:1861] for POST '/session/e0d39b79e0a985736105b874499f143e/element'
18:11:11.254 [AsyncHttpClient-1-2] DEBUG org.asynchttpclient.netty.handler.HttpHandler - 

Request DefaultHttpRequest(decodeResult: success, version: HTTP/1.1)
POST /session/e0d39b79e0a985736105b874499f143e/element HTTP/1.1
User-Agent: selenium/4.8.0 (java windows)
Content-Length: 70
Content-Type: application/json; charset=utf-8
host: localhost:1861
accept: */*

Response DefaultHttpResponse(decodeResult: success, version: HTTP/1.1)
HTTP/1.1 200 OK
Content-Length: 88
Content-Type: application/json; charset=utf-8
cache-control: no-cache

18:11:11.255 [AsyncHttpClient-1-2] DEBUG org.asynchttpclient.netty.channel.ChannelManager - Adding key: http://localhost:1861 for channel [id: 0x07450364, L:/127.0.0.1:59608 - R:localhost/127.0.0.1:1861]
18:11:11.260 [Forwarding clickElement on session e0d39b79e0a985736105b874499f143e to remote] DEBUG org.asynchttpclient.netty.request.NettyRequestSender - Using pooled Channel '[id: 0x07450364, L:/127.0.0.1:59608 - R:localhost/127.0.0.1:1861]' for 'POST' to 'http://localhost:1861/session/e0d39b79e0a985736105b874499f143e/element/f4470727-6f60-40cc-a126-35ea484b1577/click'
18:11:11.260 [Forwarding clickElement on session e0d39b79e0a985736105b874499f143e to remote] DEBUG org.asynchttpclient.netty.request.NettyRequestSender - Using open Channel [id: 0x07450364, L:/127.0.0.1:59608 - R:localhost/127.0.0.1:1861] for POST '/session/e0d39b79e0a985736105b874499f143e/element/f4470727-6f60-40cc-a126-35ea484b1577/click'
18:11:11.891 [AsyncHttpClient-1-1] DEBUG org.asynchttpclient.netty.channel.DefaultChannelPool - Entry count for : http://localhost:59609 : 1
18:11:12.232 [AsyncHttpClient-1-2] DEBUG org.asynchttpclient.netty.handler.HttpHandler - 

Request DefaultHttpRequest(decodeResult: success, version: HTTP/1.1)
POST /session/e0d39b79e0a985736105b874499f143e/element/f4470727-6f60-40cc-a126-35ea484b1577/click HTTP/1.1
User-Agent: selenium/4.8.0 (java windows)
Content-Length: 50
Content-Type: application/json; charset=utf-8
host: localhost:1861
accept: */*

Response DefaultHttpResponse(decodeResult: success, version: HTTP/1.1)
HTTP/1.1 200 OK
Content-Length: 14
Content-Type: application/json; charset=utf-8
cache-control: no-cache

18:11:12.234 [AsyncHttpClient-1-2] DEBUG org.asynchttpclient.netty.channel.ChannelManager - Adding key: http://localhost:1861 for channel [id: 0x07450364, L:/127.0.0.1:59608 - R:localhost/127.0.0.1:1861]
18:11:12.239 [Forwarding findElement on session e0d39b79e0a985736105b874499f143e to remote] DEBUG org.asynchttpclient.netty.request.NettyRequestSender - Using pooled Channel '[id: 0x07450364, L:/127.0.0.1:59608 - R:localhost/127.0.0.1:1861]' for 'POST' to 'http://localhost:1861/session/e0d39b79e0a985736105b874499f143e/element'
18:11:12.239 [Forwarding findElement on session e0d39b79e0a985736105b874499f143e to remote] DEBUG org.asynchttpclient.netty.request.NettyRequestSender - Using open Channel [id: 0x07450364, L:/127.0.0.1:59608 - R:localhost/127.0.0.1:1861] for POST '/session/e0d39b79e0a985736105b874499f143e/element'
18:11:12.283 [AsyncHttpClient-1-2] DEBUG org.asynchttpclient.netty.handler.HttpHandler - 

Request DefaultHttpRequest(decodeResult: success, version: HTTP/1.1)
POST /session/e0d39b79e0a985736105b874499f143e/element HTTP/1.1
User-Agent: selenium/4.8.0 (java windows)
Content-Length: 70
Content-Type: application/json; charset=utf-8
host: localhost:1861
accept: */*

Response DefaultHttpResponse(decodeResult: success, version: HTTP/1.1)
HTTP/1.1 200 OK
Content-Length: 88
Content-Type: application/json; charset=utf-8
cache-control: no-cache

18:11:12.284 [AsyncHttpClient-1-2] DEBUG org.asynchttpclient.netty.channel.ChannelManager - Adding key: http://localhost:1861 for channel [id: 0x07450364, L:/127.0.0.1:59608 - R:localhost/127.0.0.1:1861]
18:11:12.302 [Forwarding isElementDisplayed on session e0d39b79e0a985736105b874499f143e to remote] DEBUG org.asynchttpclient.netty.request.NettyRequestSender - Using pooled Channel '[id: 0x07450364, L:/127.0.0.1:59608 - R:localhost/127.0.0.1:1861]' for 'POST' to 'http://localhost:1861/session/e0d39b79e0a985736105b874499f143e/execute/sync'
18:11:12.302 [Forwarding isElementDisplayed on session e0d39b79e0a985736105b874499f143e to remote] DEBUG org.asynchttpclient.netty.request.NettyRequestSender - Using open Channel [id: 0x07450364, L:/127.0.0.1:59608 - R:localhost/127.0.0.1:1861] for POST '/session/e0d39b79e0a985736105b874499f143e/execute/sync'
18:11:12.346 [AsyncHttpClient-1-2] DEBUG org.asynchttpclient.netty.handler.HttpHandler - 

Request DefaultHttpRequest(decodeResult: success, version: HTTP/1.1)
POST /session/e0d39b79e0a985736105b874499f143e/execute/sync HTTP/1.1
User-Agent: selenium/4.8.0 (java windows)
Content-Length: 48807
Content-Type: application/json; charset=utf-8
host: localhost:1861
accept: */*

Response DefaultHttpResponse(decodeResult: success, version: HTTP/1.1)
HTTP/1.1 200 OK
Content-Length: 14
Content-Type: application/json; charset=utf-8
cache-control: no-cache

18:11:12.347 [AsyncHttpClient-1-2] DEBUG org.asynchttpclient.netty.channel.ChannelManager - Adding key: http://localhost:1861 for channel [id: 0x07450364, L:/127.0.0.1:59608 - R:localhost/127.0.0.1:1861]
]]></system-out>
    <system-err><![CDATA[Starting ChromeDriver 109.0.5414.74 (e7c5703604daa9cc128ccf5a5d3e993513758913-refs/branch-heads/5414@{#1172}) on port 1861
Only local connections are allowed.
Please see https://chromedriver.chromium.org/security-considerations for suggestions on keeping ChromeDriver safe.
ChromeDriver was started successfully.
]]></system-err>
  </testcase>
  <testcase name="login[dummy@123@gmail.com, 3456, failure](2)" classname="tests.loginTest" time="5.369">
    <system-out><![CDATA[18:11:12.366 [Driver Command Executor] DEBUG org.asynchttpclient.netty.request.NettyRequestSender - Using pooled Channel '[id: 0x07450364, L:/127.0.0.1:59608 - R:localhost/127.0.0.1:1861]' for 'DELETE' to 'http://localhost:1861/session/e0d39b79e0a985736105b874499f143e'
18:11:12.367 [Driver Command Executor] DEBUG org.asynchttpclient.netty.request.NettyRequestSender - Using open Channel [id: 0x07450364, L:/127.0.0.1:59608 - R:localhost/127.0.0.1:1861] for DELETE '/session/e0d39b79e0a985736105b874499f143e'
18:11:12.370 [AsyncHttpClient-1-4] DEBUG org.asynchttpclient.netty.handler.WebSocketHandler - Channel Closed: [id: 0x6a3d189a, L:/127.0.0.1:59618 ! R:localhost/127.0.0.1:59609] with attribute NettyResponseFuture{currentRetry=0,
	isDone=1,
	isCancelled=0,
	asyncHandler=org.asynchttpclient.ws.WebSocketUpgradeHandler@5b99ed85,
	nettyRequest=org.asynchttpclient.netty.request.NettyRequest@65f74557,
	future=java.util.concurrent.CompletableFuture@2d733eb6[Completed normally],
	uri=ws://localhost:59609/devtools/browser/d13cb55a-1742-429c-9ca5-9d8cc6330e62,
	keepAlive=true,
	redirectCount=0,
	timeoutsHolder=null,
	inAuth=0,
	touch=1675811466689}
18:11:12.373 [AsyncHttpClient-1-4] DEBUG org.asynchttpclient.netty.channel.ChannelManager - Closing Channel [id: 0x6a3d189a, L:/127.0.0.1:59618 ! R:localhost/127.0.0.1:59609] 
18:11:12.604 [AsyncHttpClient-1-3] DEBUG org.asynchttpclient.netty.handler.HttpHandler - Unexpected I/O exception on channel [id: 0xd28cac86, L:/127.0.0.1:59617 - R:localhost/127.0.0.1:59609]
java.io.IOException: An existing connection was forcibly closed by the remote host
	at java.base/sun.nio.ch.SocketDispatcher.read0(Native Method)
	at java.base/sun.nio.ch.SocketDispatcher.read(SocketDispatcher.java:43)
	at java.base/sun.nio.ch.IOUtil.readIntoNativeBuffer(IOUtil.java:276)
	at java.base/sun.nio.ch.IOUtil.read(IOUtil.java:233)
	at java.base/sun.nio.ch.IOUtil.read(IOUtil.java:223)
	at java.base/sun.nio.ch.SocketChannelImpl.read(SocketChannelImpl.java:358)
	at io.netty.buffer.PooledByteBuf.setBytes(PooledByteBuf.java:259)
	at io.netty.buffer.AbstractByteBuf.writeBytes(AbstractByteBuf.java:1132)
	at io.netty.channel.socket.nio.NioSocketChannel.doReadBytes(NioSocketChannel.java:357)
	at io.netty.channel.nio.AbstractNioByteChannel$NioByteUnsafe.read(AbstractNioByteChannel.java:151)
	at io.netty.channel.nio.NioEventLoop.processSelectedKey(NioEventLoop.java:788)
	at io.netty.channel.nio.NioEventLoop.processSelectedKeysOptimized(NioEventLoop.java:724)
	at io.netty.channel.nio.NioEventLoop.processSelectedKeys(NioEventLoop.java:650)
	at io.netty.channel.nio.NioEventLoop.run(NioEventLoop.java:562)
	at io.netty.util.concurrent.SingleThreadEventExecutor$4.run(SingleThreadEventExecutor.java:997)
	at io.netty.util.internal.ThreadExecutorMap$2.run(ThreadExecutorMap.java:74)
	at io.netty.util.concurrent.FastThreadLocalRunnable.run(FastThreadLocalRunnable.java:30)
	at java.base/java.lang.Thread.run(Thread.java:834)
18:11:12.604 [AsyncHttpClient-1-3] DEBUG org.asynchttpclient.netty.channel.ChannelManager - Closing Channel [id: 0xd28cac86, L:/127.0.0.1:59617 - R:localhost/127.0.0.1:59609] 
18:11:12.606 [AsyncHttpClient-1-3] DEBUG org.asynchttpclient.netty.handler.HttpHandler - Channel Closed: [id: 0xd28cac86, L:/127.0.0.1:59617 ! R:localhost/127.0.0.1:59609] with attribute DISCARD
18:11:12.624 [AsyncHttpClient-1-2] DEBUG org.asynchttpclient.netty.handler.HttpHandler - 

Request DefaultFullHttpRequest(decodeResult: success, version: HTTP/1.1, content: EmptyByteBufBE)
DELETE /session/e0d39b79e0a985736105b874499f143e HTTP/1.1
User-Agent: selenium/4.8.0 (java windows)
Content-Type: application/json; charset=utf-8
host: localhost:1861
accept: */*

Response DefaultHttpResponse(decodeResult: success, version: HTTP/1.1)
HTTP/1.1 200 OK
Content-Length: 14
Content-Type: application/json; charset=utf-8
cache-control: no-cache

18:11:12.625 [AsyncHttpClient-1-2] DEBUG org.asynchttpclient.netty.channel.ChannelManager - Adding key: http://localhost:1861 for channel [id: 0x07450364, L:/127.0.0.1:59608 - R:localhost/127.0.0.1:1861]
18:11:12.732 [AsyncHttpClient-1-2] DEBUG org.asynchttpclient.netty.handler.HttpHandler - Channel Closed: [id: 0x07450364, L:/127.0.0.1:59608 ! R:localhost/127.0.0.1:1861] with attribute DISCARD
18:11:12.991 [AsyncHttpClient-1-1] DEBUG org.asynchttpclient.netty.channel.DefaultChannelPool - Entry count for : http://localhost:1861 : 1
18:11:12.991 [AsyncHttpClient-1-1] DEBUG org.asynchttpclient.netty.channel.DefaultChannelPool - Entry count for : http://localhost:59609 : 1
18:11:12.992 [AsyncHttpClient-1-1] DEBUG org.asynchttpclient.netty.channel.DefaultChannelPool - Adding Candidate expired Channel [id: 0x07450364, L:/127.0.0.1:59608 ! R:localhost/127.0.0.1:1861] isIdleTimeoutExpired=false isRemotelyClosed=true isTtlExpired=false
18:11:12.992 [AsyncHttpClient-1-1] DEBUG org.asynchttpclient.netty.channel.DefaultChannelPool - Closing Idle Channel [id: 0x07450364, L:/127.0.0.1:59608 ! R:localhost/127.0.0.1:1861]
18:11:12.993 [AsyncHttpClient-1-1] DEBUG org.asynchttpclient.netty.channel.DefaultChannelPool - Adding Candidate expired Channel [id: 0xd28cac86, L:/127.0.0.1:59617 ! R:localhost/127.0.0.1:59609] isIdleTimeoutExpired=false isRemotelyClosed=true isTtlExpired=false
18:11:12.993 [AsyncHttpClient-1-1] DEBUG org.asynchttpclient.netty.channel.DefaultChannelPool - Closing Idle Channel [id: 0xd28cac86, L:/127.0.0.1:59617 ! R:localhost/127.0.0.1:59609]
18:11:12.993 [AsyncHttpClient-1-1] DEBUG org.asynchttpclient.netty.channel.DefaultChannelPool - Closed 2 connections out of 2 in 2 ms
18:11:13.291 [main] DEBUG io.github.bonigarcia.wdm.cache.ResolutionCache - Resolution chrome=109 in cache (valid until 18:33:55 07/02/2023 EST)
18:11:13.294 [main] DEBUG io.github.bonigarcia.wdm.cache.ResolutionCache - Resolution chrome109=109.0.5414.74 in cache (valid until 16:40:43 08/02/2023 EST)
18:11:13.294 [main] INFO io.github.bonigarcia.wdm.WebDriverManager - Using chromedriver 109.0.5414.74 (resolved driver for Chrome 109)
18:11:13.324 [main] DEBUG io.github.bonigarcia.wdm.WebDriverManager - Driver chromedriver 109.0.5414.74 found in cache
18:11:13.326 [main] INFO io.github.bonigarcia.wdm.WebDriverManager - Exporting webdriver.chrome.driver as C:\Users\anuai\.cache\selenium\chromedriver\win32\109.0.5414.74\chromedriver.exe
18:11:13.952 [AsyncHttpClient-1-5] DEBUG org.asynchttpclient.netty.channel.NettyConnectListener - Using new Channel '[id: 0xbff0905f, L:/127.0.0.1:59643 - R:localhost/127.0.0.1:19394]' for 'POST' to '/session'
18:11:14.908 [AsyncHttpClient-1-5] DEBUG org.asynchttpclient.netty.handler.HttpHandler - 

Request DefaultHttpRequest(decodeResult: success, version: HTTP/1.1)
POST /session HTTP/1.1
User-Agent: selenium/4.8.0 (java windows)
Content-Length: 365
Content-Type: application/json; charset=utf-8
host: localhost:19394
accept: */*

Response DefaultHttpResponse(decodeResult: success, version: HTTP/1.1)
HTTP/1.1 200 OK
Content-Length: 792
Content-Type: application/json; charset=utf-8
cache-control: no-cache

18:11:14.912 [AsyncHttpClient-1-5] DEBUG org.asynchttpclient.netty.channel.ChannelManager - Adding key: http://localhost:19394 for channel [id: 0xbff0905f, L:/127.0.0.1:59643 - R:localhost/127.0.0.1:19394]
18:11:14.994 [AsyncHttpClient-1-6] DEBUG org.asynchttpclient.netty.channel.NettyConnectListener - Using new Channel '[id: 0xbbc89ae5, L:/127.0.0.1:59649 - R:localhost/127.0.0.1:59644]' for 'GET' to '/json/version'
18:11:15.008 [AsyncHttpClient-1-6] DEBUG org.asynchttpclient.netty.handler.HttpHandler - 

Request DefaultFullHttpRequest(decodeResult: success, version: HTTP/1.1, content: EmptyByteBufBE)
GET /json/version HTTP/1.1
User-Agent: selenium/4.8.0 (java windows)
host: localhost:59644
accept: */*

Response DefaultHttpResponse(decodeResult: success, version: HTTP/1.1)
HTTP/1.1 200 OK
Content-Length: 424
Content-Type: application/json; charset=UTF-8

18:11:15.008 [AsyncHttpClient-1-6] DEBUG org.asynchttpclient.netty.channel.ChannelManager - Adding key: http://localhost:59644 for channel [id: 0xbbc89ae5, L:/127.0.0.1:59649 - R:localhost/127.0.0.1:59644]
18:11:15.028 [AsyncHttpClient-1-7] DEBUG org.asynchttpclient.netty.channel.NettyConnectListener - Using new Channel '[id: 0xc85e3717, L:/127.0.0.1:59651 - R:localhost/127.0.0.1:59644]' for 'GET' to '/devtools/browser/3b906f34-6134-4cfc-88fe-5ce5b99fdfc9'
18:11:15.036 [AsyncHttpClient-1-7] DEBUG org.asynchttpclient.netty.handler.WebSocketHandler - 

Request DefaultFullHttpRequest(decodeResult: success, version: HTTP/1.1, content: EmptyByteBufBE)
GET /devtools/browser/3b906f34-6134-4cfc-88fe-5ce5b99fdfc9 HTTP/1.1
upgrade: websocket
connection: upgrade
sec-websocket-key: FaKztT6DHMoJDIdDtFACiw==
sec-websocket-version: 13
origin: http://localhost:59644
host: localhost:59644
accept: */*
user-agent: AHC/2.1

Response DefaultHttpResponse(decodeResult: success, version: HTTP/1.1)
HTTP/1.1 101 WebSocket Protocol Handshake
Upgrade: WebSocket
Connection: Upgrade
Sec-WebSocket-Accept: fs5R7SbSUX+tju629e9GYaBsMeE=

18:11:15.046 [Forwarding maximizeCurrentWindow on session 2abe8d443830561e4af124f45920709c to remote] DEBUG org.asynchttpclient.netty.request.NettyRequestSender - Using pooled Channel '[id: 0xbff0905f, L:/127.0.0.1:59643 - R:localhost/127.0.0.1:19394]' for 'POST' to 'http://localhost:19394/session/2abe8d443830561e4af124f45920709c/window/maximize'
18:11:15.047 [Forwarding maximizeCurrentWindow on session 2abe8d443830561e4af124f45920709c to remote] DEBUG org.asynchttpclient.netty.request.NettyRequestSender - Using open Channel [id: 0xbff0905f, L:/127.0.0.1:59643 - R:localhost/127.0.0.1:19394] for POST '/session/2abe8d443830561e4af124f45920709c/window/maximize'
18:11:15.183 [AsyncHttpClient-1-1] DEBUG org.asynchttpclient.netty.channel.DefaultChannelPool - Entry count for : http://localhost:59644 : 1
18:11:15.189 [AsyncHttpClient-1-5] DEBUG org.asynchttpclient.netty.handler.HttpHandler - 

Request DefaultHttpRequest(decodeResult: success, version: HTTP/1.1)
POST /session/2abe8d443830561e4af124f45920709c/window/maximize HTTP/1.1
User-Agent: selenium/4.8.0 (java windows)
Content-Length: 3
Content-Type: application/json; charset=utf-8
host: localhost:19394
accept: */*

Response DefaultHttpResponse(decodeResult: success, version: HTTP/1.1)
HTTP/1.1 200 OK
Content-Length: 51
Content-Type: application/json; charset=utf-8
cache-control: no-cache

18:11:15.190 [AsyncHttpClient-1-5] DEBUG org.asynchttpclient.netty.channel.ChannelManager - Adding key: http://localhost:19394 for channel [id: 0xbff0905f, L:/127.0.0.1:59643 - R:localhost/127.0.0.1:19394]
18:11:15.193 [Forwarding setTimeout on session 2abe8d443830561e4af124f45920709c to remote] DEBUG org.asynchttpclient.netty.request.NettyRequestSender - Using pooled Channel '[id: 0xbff0905f, L:/127.0.0.1:59643 - R:localhost/127.0.0.1:19394]' for 'POST' to 'http://localhost:19394/session/2abe8d443830561e4af124f45920709c/timeouts'
18:11:15.193 [Forwarding setTimeout on session 2abe8d443830561e4af124f45920709c to remote] DEBUG org.asynchttpclient.netty.request.NettyRequestSender - Using open Channel [id: 0xbff0905f, L:/127.0.0.1:59643 - R:localhost/127.0.0.1:19394] for POST '/session/2abe8d443830561e4af124f45920709c/timeouts'
18:11:15.196 [AsyncHttpClient-1-5] DEBUG org.asynchttpclient.netty.handler.HttpHandler - 

Request DefaultHttpRequest(decodeResult: success, version: HTTP/1.1)
POST /session/2abe8d443830561e4af124f45920709c/timeouts HTTP/1.1
User-Agent: selenium/4.8.0 (java windows)
Content-Length: 23
Content-Type: application/json; charset=utf-8
host: localhost:19394
accept: */*

Response DefaultHttpResponse(decodeResult: success, version: HTTP/1.1)
HTTP/1.1 200 OK
Content-Length: 14
Content-Type: application/json; charset=utf-8
cache-control: no-cache

18:11:15.197 [AsyncHttpClient-1-5] DEBUG org.asynchttpclient.netty.channel.ChannelManager - Adding key: http://localhost:19394 for channel [id: 0xbff0905f, L:/127.0.0.1:59643 - R:localhost/127.0.0.1:19394]
18:11:15.201 [Forwarding get on session 2abe8d443830561e4af124f45920709c to remote] DEBUG org.asynchttpclient.netty.request.NettyRequestSender - Using pooled Channel '[id: 0xbff0905f, L:/127.0.0.1:59643 - R:localhost/127.0.0.1:19394]' for 'POST' to 'http://localhost:19394/session/2abe8d443830561e4af124f45920709c/url'
18:11:15.201 [Forwarding get on session 2abe8d443830561e4af124f45920709c to remote] DEBUG org.asynchttpclient.netty.request.NettyRequestSender - Using open Channel [id: 0xbff0905f, L:/127.0.0.1:59643 - R:localhost/127.0.0.1:19394] for POST '/session/2abe8d443830561e4af124f45920709c/url'
18:11:16.283 [AsyncHttpClient-1-1] DEBUG org.asynchttpclient.netty.channel.DefaultChannelPool - Entry count for : http://localhost:59644 : 1
18:11:17.381 [AsyncHttpClient-1-1] DEBUG org.asynchttpclient.netty.channel.DefaultChannelPool - Entry count for : http://localhost:59644 : 1
18:11:18.306 [AsyncHttpClient-1-5] DEBUG org.asynchttpclient.netty.handler.HttpHandler - 

Request DefaultHttpRequest(decodeResult: success, version: HTTP/1.1)
POST /session/2abe8d443830561e4af124f45920709c/url HTTP/1.1
User-Agent: selenium/4.8.0 (java windows)
Content-Length: 66
Content-Type: application/json; charset=utf-8
host: localhost:19394
accept: */*

Response DefaultHttpResponse(decodeResult: success, version: HTTP/1.1)
HTTP/1.1 200 OK
Content-Length: 14
Content-Type: application/json; charset=utf-8
cache-control: no-cache

18:11:18.308 [AsyncHttpClient-1-5] DEBUG org.asynchttpclient.netty.channel.ChannelManager - Adding key: http://localhost:19394 for channel [id: 0xbff0905f, L:/127.0.0.1:59643 - R:localhost/127.0.0.1:19394]
18:11:18.313 [Forwarding findElement on session 2abe8d443830561e4af124f45920709c to remote] DEBUG org.asynchttpclient.netty.request.NettyRequestSender - Using pooled Channel '[id: 0xbff0905f, L:/127.0.0.1:59643 - R:localhost/127.0.0.1:19394]' for 'POST' to 'http://localhost:19394/session/2abe8d443830561e4af124f45920709c/element'
18:11:18.313 [Forwarding findElement on session 2abe8d443830561e4af124f45920709c to remote] DEBUG org.asynchttpclient.netty.request.NettyRequestSender - Using open Channel [id: 0xbff0905f, L:/127.0.0.1:59643 - R:localhost/127.0.0.1:19394] for POST '/session/2abe8d443830561e4af124f45920709c/element'
18:11:18.335 [AsyncHttpClient-1-5] DEBUG org.asynchttpclient.netty.handler.HttpHandler - 

Request DefaultHttpRequest(decodeResult: success, version: HTTP/1.1)
POST /session/2abe8d443830561e4af124f45920709c/element HTTP/1.1
User-Agent: selenium/4.8.0 (java windows)
Content-Length: 71
Content-Type: application/json; charset=utf-8
host: localhost:19394
accept: */*

Response DefaultHttpResponse(decodeResult: success, version: HTTP/1.1)
HTTP/1.1 200 OK
Content-Length: 88
Content-Type: application/json; charset=utf-8
cache-control: no-cache

18:11:18.335 [AsyncHttpClient-1-5] DEBUG org.asynchttpclient.netty.channel.ChannelManager - Adding key: http://localhost:19394 for channel [id: 0xbff0905f, L:/127.0.0.1:59643 - R:localhost/127.0.0.1:19394]
18:11:18.339 [Forwarding clickElement on session 2abe8d443830561e4af124f45920709c to remote] DEBUG org.asynchttpclient.netty.request.NettyRequestSender - Using pooled Channel '[id: 0xbff0905f, L:/127.0.0.1:59643 - R:localhost/127.0.0.1:19394]' for 'POST' to 'http://localhost:19394/session/2abe8d443830561e4af124f45920709c/element/a10f07f6-4552-4c9f-8a1c-d5b927adb068/click'
18:11:18.339 [Forwarding clickElement on session 2abe8d443830561e4af124f45920709c to remote] DEBUG org.asynchttpclient.netty.request.NettyRequestSender - Using open Channel [id: 0xbff0905f, L:/127.0.0.1:59643 - R:localhost/127.0.0.1:19394] for POST '/session/2abe8d443830561e4af124f45920709c/element/a10f07f6-4552-4c9f-8a1c-d5b927adb068/click'
18:11:18.418 [AsyncHttpClient-1-5] DEBUG org.asynchttpclient.netty.handler.HttpHandler - 

Request DefaultHttpRequest(decodeResult: success, version: HTTP/1.1)
POST /session/2abe8d443830561e4af124f45920709c/element/a10f07f6-4552-4c9f-8a1c-d5b927adb068/click HTTP/1.1
User-Agent: selenium/4.8.0 (java windows)
Content-Length: 50
Content-Type: application/json; charset=utf-8
host: localhost:19394
accept: */*

Response DefaultHttpResponse(decodeResult: success, version: HTTP/1.1)
HTTP/1.1 200 OK
Content-Length: 14
Content-Type: application/json; charset=utf-8
cache-control: no-cache

18:11:18.419 [AsyncHttpClient-1-5] DEBUG org.asynchttpclient.netty.channel.ChannelManager - Adding key: http://localhost:19394 for channel [id: 0xbff0905f, L:/127.0.0.1:59643 - R:localhost/127.0.0.1:19394]
18:11:18.425 [Forwarding findElement on session 2abe8d443830561e4af124f45920709c to remote] DEBUG org.asynchttpclient.netty.request.NettyRequestSender - Using pooled Channel '[id: 0xbff0905f, L:/127.0.0.1:59643 - R:localhost/127.0.0.1:19394]' for 'POST' to 'http://localhost:19394/session/2abe8d443830561e4af124f45920709c/element'
18:11:18.425 [Forwarding findElement on session 2abe8d443830561e4af124f45920709c to remote] DEBUG org.asynchttpclient.netty.request.NettyRequestSender - Using open Channel [id: 0xbff0905f, L:/127.0.0.1:59643 - R:localhost/127.0.0.1:19394] for POST '/session/2abe8d443830561e4af124f45920709c/element'
18:11:18.460 [AsyncHttpClient-1-5] DEBUG org.asynchttpclient.netty.handler.HttpHandler - 

Request DefaultHttpRequest(decodeResult: success, version: HTTP/1.1)
POST /session/2abe8d443830561e4af124f45920709c/element HTTP/1.1
User-Agent: selenium/4.8.0 (java windows)
Content-Length: 46
Content-Type: application/json; charset=utf-8
host: localhost:19394
accept: */*

Response DefaultHttpResponse(decodeResult: success, version: HTTP/1.1)
HTTP/1.1 200 OK
Content-Length: 88
Content-Type: application/json; charset=utf-8
cache-control: no-cache

18:11:18.461 [AsyncHttpClient-1-5] DEBUG org.asynchttpclient.netty.channel.ChannelManager - Adding key: http://localhost:19394 for channel [id: 0xbff0905f, L:/127.0.0.1:59643 - R:localhost/127.0.0.1:19394]
18:11:18.466 [Forwarding clickElement on session 2abe8d443830561e4af124f45920709c to remote] DEBUG org.asynchttpclient.netty.request.NettyRequestSender - Using pooled Channel '[id: 0xbff0905f, L:/127.0.0.1:59643 - R:localhost/127.0.0.1:19394]' for 'POST' to 'http://localhost:19394/session/2abe8d443830561e4af124f45920709c/element/a23423b6-b697-4ed9-97c7-68c3201ea9f8/click'
18:11:18.466 [Forwarding clickElement on session 2abe8d443830561e4af124f45920709c to remote] DEBUG org.asynchttpclient.netty.request.NettyRequestSender - Using open Channel [id: 0xbff0905f, L:/127.0.0.1:59643 - R:localhost/127.0.0.1:19394] for POST '/session/2abe8d443830561e4af124f45920709c/element/a23423b6-b697-4ed9-97c7-68c3201ea9f8/click'
18:11:18.498 [AsyncHttpClient-1-1] DEBUG org.asynchttpclient.netty.channel.DefaultChannelPool - Entry count for : http://localhost:59644 : 1
18:11:19.059 [AsyncHttpClient-1-5] DEBUG org.asynchttpclient.netty.handler.HttpHandler - 

Request DefaultHttpRequest(decodeResult: success, version: HTTP/1.1)
POST /session/2abe8d443830561e4af124f45920709c/element/a23423b6-b697-4ed9-97c7-68c3201ea9f8/click HTTP/1.1
User-Agent: selenium/4.8.0 (java windows)
Content-Length: 50
Content-Type: application/json; charset=utf-8
host: localhost:19394
accept: */*

Response DefaultHttpResponse(decodeResult: success, version: HTTP/1.1)
HTTP/1.1 200 OK
Content-Length: 14
Content-Type: application/json; charset=utf-8
cache-control: no-cache

18:11:19.060 [AsyncHttpClient-1-5] DEBUG org.asynchttpclient.netty.channel.ChannelManager - Adding key: http://localhost:19394 for channel [id: 0xbff0905f, L:/127.0.0.1:59643 - R:localhost/127.0.0.1:19394]
18:11:19.066 [Forwarding findElement on session 2abe8d443830561e4af124f45920709c to remote] DEBUG org.asynchttpclient.netty.request.NettyRequestSender - Using pooled Channel '[id: 0xbff0905f, L:/127.0.0.1:59643 - R:localhost/127.0.0.1:19394]' for 'POST' to 'http://localhost:19394/session/2abe8d443830561e4af124f45920709c/element'
18:11:19.066 [Forwarding findElement on session 2abe8d443830561e4af124f45920709c to remote] DEBUG org.asynchttpclient.netty.request.NettyRequestSender - Using open Channel [id: 0xbff0905f, L:/127.0.0.1:59643 - R:localhost/127.0.0.1:19394] for POST '/session/2abe8d443830561e4af124f45920709c/element'
18:11:19.090 [AsyncHttpClient-1-5] DEBUG org.asynchttpclient.netty.handler.HttpHandler - 

Request DefaultHttpRequest(decodeResult: success, version: HTTP/1.1)
POST /session/2abe8d443830561e4af124f45920709c/element HTTP/1.1
User-Agent: selenium/4.8.0 (java windows)
Content-Length: 58
Content-Type: application/json; charset=utf-8
host: localhost:19394
accept: */*

Response DefaultHttpResponse(decodeResult: success, version: HTTP/1.1)
HTTP/1.1 200 OK
Content-Length: 88
Content-Type: application/json; charset=utf-8
cache-control: no-cache

18:11:19.090 [AsyncHttpClient-1-5] DEBUG org.asynchttpclient.netty.channel.ChannelManager - Adding key: http://localhost:19394 for channel [id: 0xbff0905f, L:/127.0.0.1:59643 - R:localhost/127.0.0.1:19394]
18:11:19.095 [Forwarding sendKeysToElement on session 2abe8d443830561e4af124f45920709c to remote] DEBUG org.asynchttpclient.netty.request.NettyRequestSender - Using pooled Channel '[id: 0xbff0905f, L:/127.0.0.1:59643 - R:localhost/127.0.0.1:19394]' for 'POST' to 'http://localhost:19394/session/2abe8d443830561e4af124f45920709c/element/52e6c324-0080-49ba-9194-d1ef430bdcfd/value'
18:11:19.095 [Forwarding sendKeysToElement on session 2abe8d443830561e4af124f45920709c to remote] DEBUG org.asynchttpclient.netty.request.NettyRequestSender - Using open Channel [id: 0xbff0905f, L:/127.0.0.1:59643 - R:localhost/127.0.0.1:19394] for POST '/session/2abe8d443830561e4af124f45920709c/element/52e6c324-0080-49ba-9194-d1ef430bdcfd/value'
18:11:19.307 [AsyncHttpClient-1-5] DEBUG org.asynchttpclient.netty.handler.HttpHandler - 

Request DefaultHttpRequest(decodeResult: success, version: HTTP/1.1)
POST /session/2abe8d443830561e4af124f45920709c/element/52e6c324-0080-49ba-9194-d1ef430bdcfd/value HTTP/1.1
User-Agent: selenium/4.8.0 (java windows)
Content-Length: 271
Content-Type: application/json; charset=utf-8
host: localhost:19394
accept: */*

Response DefaultHttpResponse(decodeResult: success, version: HTTP/1.1)
HTTP/1.1 200 OK
Content-Length: 14
Content-Type: application/json; charset=utf-8
cache-control: no-cache

18:11:19.308 [AsyncHttpClient-1-5] DEBUG org.asynchttpclient.netty.channel.ChannelManager - Adding key: http://localhost:19394 for channel [id: 0xbff0905f, L:/127.0.0.1:59643 - R:localhost/127.0.0.1:19394]
18:11:19.311 [Forwarding findElement on session 2abe8d443830561e4af124f45920709c to remote] DEBUG org.asynchttpclient.netty.request.NettyRequestSender - Using pooled Channel '[id: 0xbff0905f, L:/127.0.0.1:59643 - R:localhost/127.0.0.1:19394]' for 'POST' to 'http://localhost:19394/session/2abe8d443830561e4af124f45920709c/element'
18:11:19.311 [Forwarding findElement on session 2abe8d443830561e4af124f45920709c to remote] DEBUG org.asynchttpclient.netty.request.NettyRequestSender - Using open Channel [id: 0xbff0905f, L:/127.0.0.1:59643 - R:localhost/127.0.0.1:19394] for POST '/session/2abe8d443830561e4af124f45920709c/element'
18:11:19.335 [AsyncHttpClient-1-5] DEBUG org.asynchttpclient.netty.handler.HttpHandler - 

Request DefaultHttpRequest(decodeResult: success, version: HTTP/1.1)
POST /session/2abe8d443830561e4af124f45920709c/element HTTP/1.1
User-Agent: selenium/4.8.0 (java windows)
Content-Length: 61
Content-Type: application/json; charset=utf-8
host: localhost:19394
accept: */*

Response DefaultHttpResponse(decodeResult: success, version: HTTP/1.1)
HTTP/1.1 200 OK
Content-Length: 88
Content-Type: application/json; charset=utf-8
cache-control: no-cache

18:11:19.335 [AsyncHttpClient-1-5] DEBUG org.asynchttpclient.netty.channel.ChannelManager - Adding key: http://localhost:19394 for channel [id: 0xbff0905f, L:/127.0.0.1:59643 - R:localhost/127.0.0.1:19394]
18:11:19.339 [Forwarding sendKeysToElement on session 2abe8d443830561e4af124f45920709c to remote] DEBUG org.asynchttpclient.netty.request.NettyRequestSender - Using pooled Channel '[id: 0xbff0905f, L:/127.0.0.1:59643 - R:localhost/127.0.0.1:19394]' for 'POST' to 'http://localhost:19394/session/2abe8d443830561e4af124f45920709c/element/8c02ea52-4744-4a1a-a37b-612275a6c0df/value'
18:11:19.339 [Forwarding sendKeysToElement on session 2abe8d443830561e4af124f45920709c to remote] DEBUG org.asynchttpclient.netty.request.NettyRequestSender - Using open Channel [id: 0xbff0905f, L:/127.0.0.1:59643 - R:localhost/127.0.0.1:19394] for POST '/session/2abe8d443830561e4af124f45920709c/element/8c02ea52-4744-4a1a-a37b-612275a6c0df/value'
18:11:19.457 [AsyncHttpClient-1-5] DEBUG org.asynchttpclient.netty.handler.HttpHandler - 

Request DefaultHttpRequest(decodeResult: success, version: HTTP/1.1)
POST /session/2abe8d443830561e4af124f45920709c/element/8c02ea52-4744-4a1a-a37b-612275a6c0df/value HTTP/1.1
User-Agent: selenium/4.8.0 (java windows)
Content-Length: 121
Content-Type: application/json; charset=utf-8
host: localhost:19394
accept: */*

Response DefaultHttpResponse(decodeResult: success, version: HTTP/1.1)
HTTP/1.1 200 OK
Content-Length: 14
Content-Type: application/json; charset=utf-8
cache-control: no-cache

18:11:19.458 [AsyncHttpClient-1-5] DEBUG org.asynchttpclient.netty.channel.ChannelManager - Adding key: http://localhost:19394 for channel [id: 0xbff0905f, L:/127.0.0.1:59643 - R:localhost/127.0.0.1:19394]
18:11:19.462 [Forwarding findElement on session 2abe8d443830561e4af124f45920709c to remote] DEBUG org.asynchttpclient.netty.request.NettyRequestSender - Using pooled Channel '[id: 0xbff0905f, L:/127.0.0.1:59643 - R:localhost/127.0.0.1:19394]' for 'POST' to 'http://localhost:19394/session/2abe8d443830561e4af124f45920709c/element'
18:11:19.462 [Forwarding findElement on session 2abe8d443830561e4af124f45920709c to remote] DEBUG org.asynchttpclient.netty.request.NettyRequestSender - Using open Channel [id: 0xbff0905f, L:/127.0.0.1:59643 - R:localhost/127.0.0.1:19394] for POST '/session/2abe8d443830561e4af124f45920709c/element'
18:11:19.494 [AsyncHttpClient-1-5] DEBUG org.asynchttpclient.netty.handler.HttpHandler - 

Request DefaultHttpRequest(decodeResult: success, version: HTTP/1.1)
POST /session/2abe8d443830561e4af124f45920709c/element HTTP/1.1
User-Agent: selenium/4.8.0 (java windows)
Content-Length: 70
Content-Type: application/json; charset=utf-8
host: localhost:19394
accept: */*

Response DefaultHttpResponse(decodeResult: success, version: HTTP/1.1)
HTTP/1.1 200 OK
Content-Length: 88
Content-Type: application/json; charset=utf-8
cache-control: no-cache

18:11:19.494 [AsyncHttpClient-1-5] DEBUG org.asynchttpclient.netty.channel.ChannelManager - Adding key: http://localhost:19394 for channel [id: 0xbff0905f, L:/127.0.0.1:59643 - R:localhost/127.0.0.1:19394]
18:11:19.498 [Forwarding clickElement on session 2abe8d443830561e4af124f45920709c to remote] DEBUG org.asynchttpclient.netty.request.NettyRequestSender - Using pooled Channel '[id: 0xbff0905f, L:/127.0.0.1:59643 - R:localhost/127.0.0.1:19394]' for 'POST' to 'http://localhost:19394/session/2abe8d443830561e4af124f45920709c/element/f5c3375c-5db5-47b9-944c-17f24241dbc4/click'
18:11:19.499 [Forwarding clickElement on session 2abe8d443830561e4af124f45920709c to remote] DEBUG org.asynchttpclient.netty.request.NettyRequestSender - Using open Channel [id: 0xbff0905f, L:/127.0.0.1:59643 - R:localhost/127.0.0.1:19394] for POST '/session/2abe8d443830561e4af124f45920709c/element/f5c3375c-5db5-47b9-944c-17f24241dbc4/click'
18:11:19.589 [AsyncHttpClient-1-1] DEBUG org.asynchttpclient.netty.channel.DefaultChannelPool - Entry count for : http://localhost:59644 : 1
18:11:20.081 [AsyncHttpClient-1-5] DEBUG org.asynchttpclient.netty.handler.HttpHandler - 

Request DefaultHttpRequest(decodeResult: success, version: HTTP/1.1)
POST /session/2abe8d443830561e4af124f45920709c/element/f5c3375c-5db5-47b9-944c-17f24241dbc4/click HTTP/1.1
User-Agent: selenium/4.8.0 (java windows)
Content-Length: 50
Content-Type: application/json; charset=utf-8
host: localhost:19394
accept: */*

Response DefaultHttpResponse(decodeResult: success, version: HTTP/1.1)
HTTP/1.1 200 OK
Content-Length: 14
Content-Type: application/json; charset=utf-8
cache-control: no-cache

18:11:20.081 [AsyncHttpClient-1-5] DEBUG org.asynchttpclient.netty.channel.ChannelManager - Adding key: http://localhost:19394 for channel [id: 0xbff0905f, L:/127.0.0.1:59643 - R:localhost/127.0.0.1:19394]
18:11:20.085 [Forwarding findElement on session 2abe8d443830561e4af124f45920709c to remote] DEBUG org.asynchttpclient.netty.request.NettyRequestSender - Using pooled Channel '[id: 0xbff0905f, L:/127.0.0.1:59643 - R:localhost/127.0.0.1:19394]' for 'POST' to 'http://localhost:19394/session/2abe8d443830561e4af124f45920709c/element'
18:11:20.086 [Forwarding findElement on session 2abe8d443830561e4af124f45920709c to remote] DEBUG org.asynchttpclient.netty.request.NettyRequestSender - Using open Channel [id: 0xbff0905f, L:/127.0.0.1:59643 - R:localhost/127.0.0.1:19394] for POST '/session/2abe8d443830561e4af124f45920709c/element'
18:11:20.684 [AsyncHttpClient-1-1] DEBUG org.asynchttpclient.netty.channel.DefaultChannelPool - Entry count for : http://localhost:59644 : 1
18:11:21.783 [AsyncHttpClient-1-1] DEBUG org.asynchttpclient.netty.channel.DefaultChannelPool - Entry count for : http://localhost:59644 : 1
18:11:22.892 [AsyncHttpClient-1-1] DEBUG org.asynchttpclient.netty.channel.DefaultChannelPool - Entry count for : http://localhost:59644 : 1
18:11:23.597 [AsyncHttpClient-1-5] DEBUG org.asynchttpclient.netty.handler.HttpHandler - 

Request DefaultHttpRequest(decodeResult: success, version: HTTP/1.1)
POST /session/2abe8d443830561e4af124f45920709c/element HTTP/1.1
User-Agent: selenium/4.8.0 (java windows)
Content-Length: 70
Content-Type: application/json; charset=utf-8
host: localhost:19394
accept: */*

Response DefaultHttpResponse(decodeResult: success, version: HTTP/1.1)
HTTP/1.1 200 OK
Content-Length: 14
Content-Type: application/json; charset=utf-8
cache-control: no-cache

18:11:23.597 [AsyncHttpClient-1-5] DEBUG org.asynchttpclient.netty.channel.ChannelManager - Adding key: http://localhost:19394 for channel [id: 0xbff0905f, L:/127.0.0.1:59643 - R:localhost/127.0.0.1:19394]
]]></system-out>
    <system-err><![CDATA[Starting ChromeDriver 109.0.5414.74 (e7c5703604daa9cc128ccf5a5d3e993513758913-refs/branch-heads/5414@{#1172}) on port 19394
Only local connections are allowed.
Please see https://chromedriver.chromium.org/security-considerations for suggestions on keeping ChromeDriver safe.
ChromeDriver was started successfully.
]]></system-err>
  </testcase>
  <testcase name="testthree" classname="tests.ThreeTest" time="0">
    <system-out><![CDATA[18:11:23.610 [AsyncHttpClient-1-7] DEBUG org.asynchttpclient.netty.handler.WebSocketHandler - Channel Closed: [id: 0xc85e3717, L:/127.0.0.1:59651 ! R:localhost/127.0.0.1:59644] with attribute NettyResponseFuture{currentRetry=0,
	isDone=1,
	isCancelled=0,
	asyncHandler=org.asynchttpclient.ws.WebSocketUpgradeHandler@2e2768dd,
	nettyRequest=org.asynchttpclient.netty.request.NettyRequest@6b25f37d,
	future=java.util.concurrent.CompletableFuture@373b47df[Completed normally],
	uri=ws://localhost:59644/devtools/browser/3b906f34-6134-4cfc-88fe-5ce5b99fdfc9,
	keepAlive=true,
	redirectCount=0,
	timeoutsHolder=null,
	inAuth=0,
	touch=1675811475038}
18:11:23.610 [AsyncHttpClient-1-7] DEBUG org.asynchttpclient.netty.channel.ChannelManager - Closing Channel [id: 0xc85e3717, L:/127.0.0.1:59651 ! R:localhost/127.0.0.1:59644] 
18:11:23.699 [Driver Command Executor] DEBUG org.asynchttpclient.netty.request.NettyRequestSender - Using pooled Channel '[id: 0xbff0905f, L:/127.0.0.1:59643 - R:localhost/127.0.0.1:19394]' for 'DELETE' to 'http://localhost:19394/session/2abe8d443830561e4af124f45920709c'
18:11:23.699 [Driver Command Executor] DEBUG org.asynchttpclient.netty.request.NettyRequestSender - Using open Channel [id: 0xbff0905f, L:/127.0.0.1:59643 - R:localhost/127.0.0.1:19394] for DELETE '/session/2abe8d443830561e4af124f45920709c'
18:11:23.812 [AsyncHttpClient-1-6] DEBUG org.asynchttpclient.netty.handler.HttpHandler - Unexpected I/O exception on channel [id: 0xbbc89ae5, L:/127.0.0.1:59649 - R:localhost/127.0.0.1:59644]
java.io.IOException: An existing connection was forcibly closed by the remote host
	at java.base/sun.nio.ch.SocketDispatcher.read0(Native Method)
	at java.base/sun.nio.ch.SocketDispatcher.read(SocketDispatcher.java:43)
	at java.base/sun.nio.ch.IOUtil.readIntoNativeBuffer(IOUtil.java:276)
	at java.base/sun.nio.ch.IOUtil.read(IOUtil.java:233)
	at java.base/sun.nio.ch.IOUtil.read(IOUtil.java:223)
	at java.base/sun.nio.ch.SocketChannelImpl.read(SocketChannelImpl.java:358)
	at io.netty.buffer.PooledByteBuf.setBytes(PooledByteBuf.java:259)
	at io.netty.buffer.AbstractByteBuf.writeBytes(AbstractByteBuf.java:1132)
	at io.netty.channel.socket.nio.NioSocketChannel.doReadBytes(NioSocketChannel.java:357)
	at io.netty.channel.nio.AbstractNioByteChannel$NioByteUnsafe.read(AbstractNioByteChannel.java:151)
	at io.netty.channel.nio.NioEventLoop.processSelectedKey(NioEventLoop.java:788)
	at io.netty.channel.nio.NioEventLoop.processSelectedKeysOptimized(NioEventLoop.java:724)
	at io.netty.channel.nio.NioEventLoop.processSelectedKeys(NioEventLoop.java:650)
	at io.netty.channel.nio.NioEventLoop.run(NioEventLoop.java:562)
	at io.netty.util.concurrent.SingleThreadEventExecutor$4.run(SingleThreadEventExecutor.java:997)
	at io.netty.util.internal.ThreadExecutorMap$2.run(ThreadExecutorMap.java:74)
	at io.netty.util.concurrent.FastThreadLocalRunnable.run(FastThreadLocalRunnable.java:30)
	at java.base/java.lang.Thread.run(Thread.java:834)
18:11:23.812 [AsyncHttpClient-1-6] DEBUG org.asynchttpclient.netty.channel.ChannelManager - Closing Channel [id: 0xbbc89ae5, L:/127.0.0.1:59649 - R:localhost/127.0.0.1:59644] 
18:11:23.812 [AsyncHttpClient-1-6] DEBUG org.asynchttpclient.netty.handler.HttpHandler - Channel Closed: [id: 0xbbc89ae5, L:/127.0.0.1:59649 ! R:localhost/127.0.0.1:59644] with attribute DISCARD
18:11:23.904 [AsyncHttpClient-1-5] DEBUG org.asynchttpclient.netty.handler.HttpHandler - 

Request DefaultFullHttpRequest(decodeResult: success, version: HTTP/1.1, content: EmptyByteBufBE)
DELETE /session/2abe8d443830561e4af124f45920709c HTTP/1.1
User-Agent: selenium/4.8.0 (java windows)
Content-Type: application/json; charset=utf-8
host: localhost:19394
accept: */*

Response DefaultHttpResponse(decodeResult: success, version: HTTP/1.1)
HTTP/1.1 200 OK
Content-Length: 14
Content-Type: application/json; charset=utf-8
cache-control: no-cache

18:11:23.904 [AsyncHttpClient-1-5] DEBUG org.asynchttpclient.netty.channel.ChannelManager - Adding key: http://localhost:19394 for channel [id: 0xbff0905f, L:/127.0.0.1:59643 - R:localhost/127.0.0.1:19394]
18:11:23.984 [AsyncHttpClient-1-1] DEBUG org.asynchttpclient.netty.channel.DefaultChannelPool - Entry count for : http://localhost:19394 : 1
18:11:23.984 [AsyncHttpClient-1-1] DEBUG org.asynchttpclient.netty.channel.DefaultChannelPool - Entry count for : http://localhost:59644 : 1
18:11:23.984 [AsyncHttpClient-1-1] DEBUG org.asynchttpclient.netty.channel.DefaultChannelPool - Adding Candidate expired Channel [id: 0xbbc89ae5, L:/127.0.0.1:59649 ! R:localhost/127.0.0.1:59644] isIdleTimeoutExpired=false isRemotelyClosed=true isTtlExpired=false
18:11:23.984 [AsyncHttpClient-1-1] DEBUG org.asynchttpclient.netty.channel.DefaultChannelPool - Closing Idle Channel [id: 0xbbc89ae5, L:/127.0.0.1:59649 ! R:localhost/127.0.0.1:59644]
18:11:23.984 [AsyncHttpClient-1-1] DEBUG org.asynchttpclient.netty.channel.DefaultChannelPool - Closed 1 connections out of 2 in 0 ms
18:11:24.015 [AsyncHttpClient-1-5] DEBUG org.asynchttpclient.netty.handler.HttpHandler - Channel Closed: [id: 0xbff0905f, L:/127.0.0.1:59643 ! R:localhost/127.0.0.1:19394] with attribute DISCARD
Inside testthree
]]></system-out>
  </testcase>
</testsuite>