<?xml version="1.0" encoding="UTF-8"?>
<!-- Generated by org.testng.reporters.JUnitReportReporter -->
<testsuite hostname="LAPTOP-RJE4IOB2" failures="0" tests="1" name="tests.TwoTest" time="51.735" errors="0" timestamp="2023-02-09T07:51:31 EST" skipped="0">
  <testcase classname="tests.TwoTest" name="testtwo" time="51.735"/>
  <system-out/>
</testsuite> <!-- tests.TwoTest -->
