<?xml version="1.0" encoding="UTF-8"?>
<!-- Generated by org.testng.reporters.JUnitReportReporter -->
<testsuite hostname="LAPTOP-RJE4IOB2" failures="0" tests="1" name="tests.ThreeTest" time="51.750" errors="0" timestamp="2023-02-09T07:51:31 EST" skipped="0">
  <testcase classname="tests.ThreeTest" name="testthree" time="51.750"/>
  <system-out/>
</testsuite> <!-- tests.ThreeTest -->
