<?xml version="1.0" encoding="UTF-8"?>
<!-- Generated by org.testng.reporters.JUnitReportReporter -->
<testsuite hostname="LAPTOP-RJE4IOB2" failures="0" tests="1" name="runner.runner" time="27.062" errors="0" timestamp="2023-02-09T07:53:07 EST" skipped="0">
  <testcase classname="runner.runner" name="runScenario" time="27.062"/>
  <system-out/>
</testsuite> <!-- runner.runner -->
