<?xml version="1.0" encoding="UTF-8"?>
<!-- Generated by org.testng.reporters.JUnitReportReporter -->
<testsuite hostname="LAPTOP-RJE4IOB2" failures="0" tests="1" name="tests.FourTest" time="0.021" errors="0" timestamp="2023-02-07T18:11:24 EST" skipped="0">
  <testcase classname="tests.FourTest" name="testFour" time="0.021"/>
  <system-out/>
</testsuite> <!-- tests.FourTest -->
